<?xml version="1.0" encoding="UTF-8"?>
<testng-results skipped="35" failed="0" total="35" passed="0">
  <reporter-output>
    <line>
      <![CDATA[Extent Report Directory/Users/Saqib/Documents/IntelliJ Projects/Group2AutomationFramework/Costco/target/surefire-reports/html]]>
    </line>
  </reporter-output>
  <suite name="Command line suite" duration-ms="72" started-at="2019-03-26T20:00:40Z" finished-at="2019-03-26T20:00:40Z">
    <groups>
    </groups>
    <test name="Command line test" duration-ms="72" started-at="2019-03-26T20:00:40Z" finished-at="2019-03-26T20:00:40Z">
      <class name="TestLocationsPage">
        <test-method status="PASS" signature="extentSetup(org.testng.ITestContext)[pri:0, instance:TestLocationsPage@2096442d]" name="extentSetup" is-config="true" duration-ms="5158" started-at="2019-03-26T16:00:35Z" finished-at="2019-03-26T16:00:40Z">
          <params>
            <param index="0">
              <value>
                <![CDATA[org.testng.TestRunner@8b87145]]>
              </value>
            </param>
          </params>
          <reporter-output>
            <line>
              <![CDATA[Extent Report Directory/Users/Saqib/Documents/IntelliJ Projects/Group2AutomationFramework/Costco/target/surefire-reports/html]]>
            </line>
          </reporter-output>
        </test-method> <!-- extentSetup -->
        <test-method status="FAIL" signature="initialize()[pri:0, instance:TestLocationsPage@2096442d]" name="initialize" is-config="true" duration-ms="0" started-at="2019-03-26T16:00:40Z" finished-at="2019-03-26T16:00:40Z">
          <exception class="java.lang.NullPointerException">
            <full-stacktrace>
              <![CDATA[java.lang.NullPointerException
	at TestLocationsPage.initialize(TestLocationsPage.java:14)
	at sun.reflect.NativeMethodAccessorImpl.invoke0(Native Method)
	at sun.reflect.NativeMethodAccessorImpl.invoke(NativeMethodAccessorImpl.java:62)
	at sun.reflect.DelegatingMethodAccessorImpl.invoke(DelegatingMethodAccessorImpl.java:43)
	at java.lang.reflect.Method.invoke(Method.java:497)
	at org.testng.internal.MethodInvocationHelper.invokeMethod(MethodInvocationHelper.java:84)
	at org.testng.internal.Invoker.invokeConfigurationMethod(Invoker.java:564)
	at org.testng.internal.Invoker.invokeConfigurations(Invoker.java:213)
	at org.testng.internal.Invoker.invokeConfigurations(Invoker.java:138)
	at org.testng.internal.TestMethodWorker.invokeBeforeClassMethods(TestMethodWorker.java:175)
	at org.testng.internal.TestMethodWorker.run(TestMethodWorker.java:107)
	at org.testng.TestRunner.privateRun(TestRunner.java:767)
	at org.testng.TestRunner.run(TestRunner.java:617)
	at org.testng.SuiteRunner.runTest(SuiteRunner.java:334)
	at org.testng.SuiteRunner.runSequentially(SuiteRunner.java:329)
	at org.testng.SuiteRunner.privateRun(SuiteRunner.java:291)
	at org.testng.SuiteRunner.run(SuiteRunner.java:240)
	at org.testng.SuiteRunnerWorker.runSuite(SuiteRunnerWorker.java:52)
	at org.testng.SuiteRunnerWorker.run(SuiteRunnerWorker.java:86)
	at org.testng.TestNG.runSuitesSequentially(TestNG.java:1224)
	at org.testng.TestNG.runSuitesLocally(TestNG.java:1149)
	at org.testng.TestNG.run(TestNG.java:1057)
	at org.apache.maven.surefire.testng.TestNGExecutor.run(TestNGExecutor.java:77)
	at org.apache.maven.surefire.testng.TestNGDirectoryTestSuite.executeMulti(TestNGDirectoryTestSuite.java:159)
	at org.apache.maven.surefire.testng.TestNGDirectoryTestSuite.execute(TestNGDirectoryTestSuite.java:99)
	at org.apache.maven.surefire.testng.TestNGProvider.invoke(TestNGProvider.java:106)
	at sun.reflect.NativeMethodAccessorImpl.invoke0(Native Method)
	at sun.reflect.NativeMethodAccessorImpl.invoke(NativeMethodAccessorImpl.java:62)
	at sun.reflect.DelegatingMethodAccessorImpl.invoke(DelegatingMethodAccessorImpl.java:43)
	at java.lang.reflect.Method.invoke(Method.java:497)
	at org.apache.maven.surefire.util.ReflectionUtils.invokeMethodWithArray(ReflectionUtils.java:189)
	at org.apache.maven.surefire.booter.ProviderFactory$ProviderProxy.invoke(ProviderFactory.java:165)
	at org.apache.maven.surefire.booter.ProviderFactory.invokeProvider(ProviderFactory.java:85)
	at org.apache.maven.surefire.booter.ForkedBooter.runSuitesInProcess(ForkedBooter.java:115)
	at org.apache.maven.surefire.booter.ForkedBooter.main(ForkedBooter.java:75)
]]>
            </full-stacktrace>
          </exception> <!-- java.lang.NullPointerException -->
          <reporter-output>
          </reporter-output>
        </test-method> <!-- initialize -->
        <test-method status="SKIP" signature="setUp(boolean, java.lang.String, java.lang.String, java.lang.String, java.lang.String, java.lang.String, java.lang.String)[pri:0, instance:TestLocationsPage@2096442d]" name="setUp" is-config="true" duration-ms="0" started-at="2019-03-26T16:00:40Z" finished-at="2019-03-26T16:00:40Z">
          <reporter-output>
          </reporter-output>
        </test-method> <!-- setUp -->
        <test-method status="SKIP" signature="startExtent(java.lang.reflect.Method)[pri:0, instance:TestLocationsPage@2096442d]" name="startExtent" is-config="true" duration-ms="0" started-at="2019-03-26T16:00:40Z" finished-at="2019-03-26T16:00:40Z">
          <reporter-output>
          </reporter-output>
        </test-method> <!-- startExtent -->
        <test-method status="SKIP" signature="TestLocationTitle()[pri:0, instance:TestLocationsPage@2096442d]" name="TestLocationTitle" duration-ms="0" started-at="2019-03-26T16:00:40Z" finished-at="2019-03-26T16:00:40Z">
          <reporter-output>
          </reporter-output>
        </test-method> <!-- TestLocationTitle -->
        <test-method status="SKIP" signature="cleanUp()[pri:0, instance:TestLocationsPage@2096442d]" name="cleanUp" is-config="true" duration-ms="0" started-at="2019-03-26T16:00:40Z" finished-at="2019-03-26T16:00:40Z">
          <reporter-output>
          </reporter-output>
        </test-method> <!-- cleanUp -->
        <test-method status="SKIP" signature="afterEachTestMethod(org.testng.ITestResult)[pri:0, instance:TestLocationsPage@2096442d]" name="afterEachTestMethod" is-config="true" duration-ms="0" started-at="2019-03-26T16:00:40Z" finished-at="2019-03-26T16:00:40Z">
          <reporter-output>
          </reporter-output>
        </test-method> <!-- afterEachTestMethod -->
        <test-method status="SKIP" signature="startExtent(java.lang.reflect.Method)[pri:0, instance:TestLocationsPage@2096442d]" name="startExtent" is-config="true" duration-ms="0" started-at="2019-03-26T16:00:40Z" finished-at="2019-03-26T16:00:40Z">
          <reporter-output>
          </reporter-output>
        </test-method> <!-- startExtent -->
        <test-method status="SKIP" signature="afterEachTestMethod(org.testng.ITestResult)[pri:0, instance:TestLocationsPage@2096442d]" name="afterEachTestMethod" is-config="true" duration-ms="0" started-at="2019-03-26T16:00:40Z" finished-at="2019-03-26T16:00:40Z">
          <reporter-output>
          </reporter-output>
        </test-method> <!-- afterEachTestMethod -->
        <test-method status="SKIP" signature="searchZipCode()[pri:0, instance:TestLocationsPage@2096442d]" name="searchZipCode" duration-ms="0" started-at="2019-03-26T16:00:40Z" finished-at="2019-03-26T16:00:40Z">
          <reporter-output>
          </reporter-output>
        </test-method> <!-- searchZipCode -->
        <test-method status="SKIP" signature="cleanUp()[pri:0, instance:TestLocationsPage@2096442d]" name="cleanUp" is-config="true" duration-ms="0" started-at="2019-03-26T16:00:40Z" finished-at="2019-03-26T16:00:40Z">
          <reporter-output>
          </reporter-output>
        </test-method> <!-- cleanUp -->
        <test-method status="SKIP" signature="setUp(boolean, java.lang.String, java.lang.String, java.lang.String, java.lang.String, java.lang.String, java.lang.String)[pri:0, instance:TestLocationsPage@2096442d]" name="setUp" is-config="true" duration-ms="0" started-at="2019-03-26T16:00:40Z" finished-at="2019-03-26T16:00:40Z">
          <reporter-output>
          </reporter-output>
        </test-method> <!-- setUp -->
        <test-method status="SKIP" signature="startExtent(java.lang.reflect.Method)[pri:0, instance:TestLocationsPage@2096442d]" name="startExtent" is-config="true" duration-ms="0" started-at="2019-03-26T16:00:40Z" finished-at="2019-03-26T16:00:40Z">
          <reporter-output>
          </reporter-output>
        </test-method> <!-- startExtent -->
        <test-method status="SKIP" signature="testViewMoreLocations()[pri:0, instance:TestLocationsPage@2096442d]" name="testViewMoreLocations" duration-ms="0" started-at="2019-03-26T16:00:40Z" finished-at="2019-03-26T16:00:40Z">
          <reporter-output>
          </reporter-output>
        </test-method> <!-- testViewMoreLocations -->
        <test-method status="SKIP" signature="afterEachTestMethod(org.testng.ITestResult)[pri:0, instance:TestLocationsPage@2096442d]" name="afterEachTestMethod" is-config="true" duration-ms="0" started-at="2019-03-26T16:00:40Z" finished-at="2019-03-26T16:00:40Z">
          <reporter-output>
          </reporter-output>
        </test-method> <!-- afterEachTestMethod -->
        <test-method status="SKIP" signature="setUp(boolean, java.lang.String, java.lang.String, java.lang.String, java.lang.String, java.lang.String, java.lang.String)[pri:0, instance:TestLocationsPage@2096442d]" name="setUp" is-config="true" duration-ms="0" started-at="2019-03-26T16:00:40Z" finished-at="2019-03-26T16:00:40Z">
          <reporter-output>
          </reporter-output>
        </test-method> <!-- setUp -->
        <test-method status="SKIP" signature="cleanUp()[pri:0, instance:TestLocationsPage@2096442d]" name="cleanUp" is-config="true" duration-ms="0" started-at="2019-03-26T16:00:40Z" finished-at="2019-03-26T16:00:40Z">
          <reporter-output>
          </reporter-output>
        </test-method> <!-- cleanUp -->
        <test-method status="SKIP" signature="generateReport()[pri:0, instance:TestLocationsPage@2096442d]" name="generateReport" is-config="true" duration-ms="0" started-at="2019-03-26T16:00:45Z" finished-at="2019-03-26T16:00:45Z">
          <reporter-output>
          </reporter-output>
        </test-method> <!-- generateReport -->
      </class> <!-- TestLocationsPage -->
      <class name="TestSignInPage">
        <test-method status="SKIP" signature="setUp(boolean, java.lang.String, java.lang.String, java.lang.String, java.lang.String, java.lang.String, java.lang.String)[pri:0, instance:TestSignInPage@13a57a3b]" name="setUp" is-config="true" duration-ms="0" started-at="2019-03-26T16:00:40Z" finished-at="2019-03-26T16:00:40Z">
          <reporter-output>
          </reporter-output>
        </test-method> <!-- setUp -->
        <test-method status="SKIP" signature="initialize()[pri:0, instance:TestSignInPage@13a57a3b]" name="initialize" is-config="true" duration-ms="0" started-at="2019-03-26T16:00:40Z" finished-at="2019-03-26T16:00:40Z">
          <reporter-output>
          </reporter-output>
        </test-method> <!-- initialize -->
        <test-method status="SKIP" signature="afterEachTestMethod(org.testng.ITestResult)[pri:0, instance:TestSignInPage@13a57a3b]" name="afterEachTestMethod" is-config="true" duration-ms="0" started-at="2019-03-26T16:00:40Z" finished-at="2019-03-26T16:00:40Z">
          <reporter-output>
          </reporter-output>
        </test-method> <!-- afterEachTestMethod -->
        <test-method status="SKIP" signature="cleanUp()[pri:0, instance:TestSignInPage@13a57a3b]" name="cleanUp" is-config="true" duration-ms="0" started-at="2019-03-26T16:00:40Z" finished-at="2019-03-26T16:00:40Z">
          <reporter-output>
          </reporter-output>
        </test-method> <!-- cleanUp -->
        <test-method status="SKIP" signature="testSignInTitle()[pri:0, instance:TestSignInPage@13a57a3b]" name="testSignInTitle" duration-ms="0" started-at="2019-03-26T16:00:40Z" finished-at="2019-03-26T16:00:40Z">
          <reporter-output>
          </reporter-output>
        </test-method> <!-- testSignInTitle -->
        <test-method status="SKIP" signature="startExtent(java.lang.reflect.Method)[pri:0, instance:TestSignInPage@13a57a3b]" name="startExtent" is-config="true" duration-ms="0" started-at="2019-03-26T16:00:40Z" finished-at="2019-03-26T16:00:40Z">
          <reporter-output>
          </reporter-output>
        </test-method> <!-- startExtent -->
        <test-method status="SKIP" signature="setUp(boolean, java.lang.String, java.lang.String, java.lang.String, java.lang.String, java.lang.String, java.lang.String)[pri:0, instance:TestSignInPage@13a57a3b]" name="setUp" is-config="true" duration-ms="0" started-at="2019-03-26T16:00:40Z" finished-at="2019-03-26T16:00:40Z">
          <reporter-output>
          </reporter-output>
        </test-method> <!-- setUp -->
        <test-method status="SKIP" signature="startExtent(java.lang.reflect.Method)[pri:0, instance:TestSignInPage@13a57a3b]" name="startExtent" is-config="true" duration-ms="0" started-at="2019-03-26T16:00:40Z" finished-at="2019-03-26T16:00:40Z">
          <reporter-output>
          </reporter-output>
        </test-method> <!-- startExtent -->
        <test-method status="SKIP" signature="testSignInButton()[pri:0, instance:TestSignInPage@13a57a3b]" name="testSignInButton" duration-ms="1" started-at="2019-03-26T16:00:40Z" finished-at="2019-03-26T16:00:40Z">
          <reporter-output>
          </reporter-output>
        </test-method> <!-- testSignInButton -->
        <test-method status="SKIP" signature="afterEachTestMethod(org.testng.ITestResult)[pri:0, instance:TestSignInPage@13a57a3b]" name="afterEachTestMethod" is-config="true" duration-ms="0" started-at="2019-03-26T16:00:40Z" finished-at="2019-03-26T16:00:40Z">
          <reporter-output>
          </reporter-output>
        </test-method> <!-- afterEachTestMethod -->
        <test-method status="SKIP" signature="cleanUp()[pri:0, instance:TestSignInPage@13a57a3b]" name="cleanUp" is-config="true" duration-ms="0" started-at="2019-03-26T16:00:40Z" finished-at="2019-03-26T16:00:40Z">
          <reporter-output>
          </reporter-output>
        </test-method> <!-- cleanUp -->
        <test-method status="SKIP" signature="startExtent(java.lang.reflect.Method)[pri:0, instance:TestSignInPage@13a57a3b]" name="startExtent" is-config="true" duration-ms="0" started-at="2019-03-26T16:00:40Z" finished-at="2019-03-26T16:00:40Z">
          <reporter-output>
          </reporter-output>
        </test-method> <!-- startExtent -->
        <test-method status="SKIP" signature="enterEmail()[pri:0, instance:TestSignInPage@13a57a3b]" name="enterEmail" duration-ms="0" started-at="2019-03-26T16:00:40Z" finished-at="2019-03-26T16:00:40Z">
          <reporter-output>
          </reporter-output>
        </test-method> <!-- enterEmail -->
        <test-method status="SKIP" signature="setUp(boolean, java.lang.String, java.lang.String, java.lang.String, java.lang.String, java.lang.String, java.lang.String)[pri:0, instance:TestSignInPage@13a57a3b]" name="setUp" is-config="true" duration-ms="0" started-at="2019-03-26T16:00:40Z" finished-at="2019-03-26T16:00:40Z">
          <reporter-output>
          </reporter-output>
        </test-method> <!-- setUp -->
        <test-method status="SKIP" signature="cleanUp()[pri:0, instance:TestSignInPage@13a57a3b]" name="cleanUp" is-config="true" duration-ms="0" started-at="2019-03-26T16:00:40Z" finished-at="2019-03-26T16:00:40Z">
          <reporter-output>
          </reporter-output>
        </test-method> <!-- cleanUp -->
        <test-method status="SKIP" signature="afterEachTestMethod(org.testng.ITestResult)[pri:0, instance:TestSignInPage@13a57a3b]" name="afterEachTestMethod" is-config="true" duration-ms="0" started-at="2019-03-26T16:00:40Z" finished-at="2019-03-26T16:00:40Z">
          <reporter-output>
          </reporter-output>
        </test-method> <!-- afterEachTestMethod -->
        <test-method status="SKIP" signature="setUp(boolean, java.lang.String, java.lang.String, java.lang.String, java.lang.String, java.lang.String, java.lang.String)[pri:0, instance:TestSignInPage@13a57a3b]" name="setUp" is-config="true" duration-ms="0" started-at="2019-03-26T16:00:40Z" finished-at="2019-03-26T16:00:40Z">
          <reporter-output>
          </reporter-output>
        </test-method> <!-- setUp -->
        <test-method status="SKIP" signature="enterPassword()[pri:0, instance:TestSignInPage@13a57a3b]" name="enterPassword" duration-ms="1" started-at="2019-03-26T16:00:40Z" finished-at="2019-03-26T16:00:40Z">
          <reporter-output>
          </reporter-output>
        </test-method> <!-- enterPassword -->
        <test-method status="SKIP" signature="startExtent(java.lang.reflect.Method)[pri:0, instance:TestSignInPage@13a57a3b]" name="startExtent" is-config="true" duration-ms="0" started-at="2019-03-26T16:00:40Z" finished-at="2019-03-26T16:00:40Z">
          <reporter-output>
          </reporter-output>
        </test-method> <!-- startExtent -->
        <test-method status="SKIP" signature="afterEachTestMethod(org.testng.ITestResult)[pri:0, instance:TestSignInPage@13a57a3b]" name="afterEachTestMethod" is-config="true" duration-ms="0" started-at="2019-03-26T16:00:40Z" finished-at="2019-03-26T16:00:40Z">
          <reporter-output>
          </reporter-output>
        </test-method> <!-- afterEachTestMethod -->
        <test-method status="SKIP" signature="cleanUp()[pri:0, instance:TestSignInPage@13a57a3b]" name="cleanUp" is-config="true" duration-ms="0" started-at="2019-03-26T16:00:40Z" finished-at="2019-03-26T16:00:40Z">
          <reporter-output>
          </reporter-output>
        </test-method> <!-- cleanUp -->
        <test-method status="SKIP" signature="setUp(boolean, java.lang.String, java.lang.String, java.lang.String, java.lang.String, java.lang.String, java.lang.String)[pri:0, instance:TestSignInPage@13a57a3b]" name="setUp" is-config="true" duration-ms="0" started-at="2019-03-26T16:00:40Z" finished-at="2019-03-26T16:00:40Z">
          <reporter-output>
          </reporter-output>
        </test-method> <!-- setUp -->
        <test-method status="SKIP" signature="startExtent(java.lang.reflect.Method)[pri:0, instance:TestSignInPage@13a57a3b]" name="startExtent" is-config="true" duration-ms="0" started-at="2019-03-26T16:00:40Z" finished-at="2019-03-26T16:00:40Z">
          <reporter-output>
          </reporter-output>
        </test-method> <!-- startExtent -->
        <test-method status="SKIP" signature="enterUserAndPassword()[pri:0, instance:TestSignInPage@13a57a3b]" name="enterUserAndPassword" duration-ms="0" started-at="2019-03-26T16:00:40Z" finished-at="2019-03-26T16:00:40Z">
          <reporter-output>
          </reporter-output>
        </test-method> <!-- enterUserAndPassword -->
        <test-method status="SKIP" signature="afterEachTestMethod(org.testng.ITestResult)[pri:0, instance:TestSignInPage@13a57a3b]" name="afterEachTestMethod" is-config="true" duration-ms="0" started-at="2019-03-26T16:00:40Z" finished-at="2019-03-26T16:00:40Z">
          <reporter-output>
          </reporter-output>
        </test-method> <!-- afterEachTestMethod -->
        <test-method status="SKIP" signature="cleanUp()[pri:0, instance:TestSignInPage@13a57a3b]" name="cleanUp" is-config="true" duration-ms="0" started-at="2019-03-26T16:00:40Z" finished-at="2019-03-26T16:00:40Z">
          <reporter-output>
          </reporter-output>
        </test-method> <!-- cleanUp -->
        <test-method status="SKIP" signature="afterEachTestMethod(org.testng.ITestResult)[pri:0, instance:TestSignInPage@13a57a3b]" name="afterEachTestMethod" is-config="true" duration-ms="0" started-at="2019-03-26T16:00:40Z" finished-at="2019-03-26T16:00:40Z">
          <reporter-output>
          </reporter-output>
        </test-method> <!-- afterEachTestMethod -->
        <test-method status="SKIP" signature="TestForgetPassword()[pri:0, instance:TestSignInPage@13a57a3b]" name="TestForgetPassword" duration-ms="0" started-at="2019-03-26T16:00:40Z" finished-at="2019-03-26T16:00:40Z">
          <reporter-output>
          </reporter-output>
        </test-method> <!-- TestForgetPassword -->
        <test-method status="SKIP" signature="startExtent(java.lang.reflect.Method)[pri:0, instance:TestSignInPage@13a57a3b]" name="startExtent" is-config="true" duration-ms="0" started-at="2019-03-26T16:00:40Z" finished-at="2019-03-26T16:00:40Z">
          <reporter-output>
          </reporter-output>
        </test-method> <!-- startExtent -->
        <test-method status="SKIP" signature="setUp(boolean, java.lang.String, java.lang.String, java.lang.String, java.lang.String, java.lang.String, java.lang.String)[pri:0, instance:TestSignInPage@13a57a3b]" name="setUp" is-config="true" duration-ms="0" started-at="2019-03-26T16:00:40Z" finished-at="2019-03-26T16:00:40Z">
          <reporter-output>
          </reporter-output>
        </test-method> <!-- setUp -->
        <test-method status="SKIP" signature="cleanUp()[pri:0, instance:TestSignInPage@13a57a3b]" name="cleanUp" is-config="true" duration-ms="0" started-at="2019-03-26T16:00:40Z" finished-at="2019-03-26T16:00:40Z">
          <reporter-output>
          </reporter-output>
        </test-method> <!-- cleanUp -->
      </class> <!-- TestSignInPage -->
      <class name="TestHomePage">
        <test-method status="SKIP" signature="setUp(boolean, java.lang.String, java.lang.String, java.lang.String, java.lang.String, java.lang.String, java.lang.String)[pri:0, instance:TestHomePage@7ca48474]" name="setUp" is-config="true" duration-ms="0" started-at="2019-03-26T16:00:40Z" finished-at="2019-03-26T16:00:40Z">
          <reporter-output>
          </reporter-output>
        </test-method> <!-- setUp -->
        <test-method status="SKIP" signature="testHomepageTitle()[pri:0, instance:TestHomePage@7ca48474]" name="testHomepageTitle" duration-ms="1" started-at="2019-03-26T16:00:40Z" finished-at="2019-03-26T16:00:40Z">
          <reporter-output>
          </reporter-output>
        </test-method> <!-- testHomepageTitle -->
        <test-method status="SKIP" signature="initialize()[pri:0, instance:TestHomePage@7ca48474]" name="initialize" is-config="true" duration-ms="0" started-at="2019-03-26T16:00:40Z" finished-at="2019-03-26T16:00:40Z">
          <reporter-output>
          </reporter-output>
        </test-method> <!-- initialize -->
        <test-method status="SKIP" signature="startExtent(java.lang.reflect.Method)[pri:0, instance:TestHomePage@7ca48474]" name="startExtent" is-config="true" duration-ms="0" started-at="2019-03-26T16:00:40Z" finished-at="2019-03-26T16:00:40Z">
          <reporter-output>
          </reporter-output>
        </test-method> <!-- startExtent -->
        <test-method status="SKIP" signature="cleanUp()[pri:0, instance:TestHomePage@7ca48474]" name="cleanUp" is-config="true" duration-ms="0" started-at="2019-03-26T16:00:40Z" finished-at="2019-03-26T16:00:40Z">
          <reporter-output>
          </reporter-output>
        </test-method> <!-- cleanUp -->
        <test-method status="SKIP" signature="afterEachTestMethod(org.testng.ITestResult)[pri:0, instance:TestHomePage@7ca48474]" name="afterEachTestMethod" is-config="true" duration-ms="0" started-at="2019-03-26T16:00:40Z" finished-at="2019-03-26T16:00:40Z">
          <reporter-output>
          </reporter-output>
        </test-method> <!-- afterEachTestMethod -->
        <test-method status="SKIP" signature="startExtent(java.lang.reflect.Method)[pri:0, instance:TestHomePage@7ca48474]" name="startExtent" is-config="true" duration-ms="0" started-at="2019-03-26T16:00:40Z" finished-at="2019-03-26T16:00:40Z">
          <reporter-output>
          </reporter-output>
        </test-method> <!-- startExtent -->
        <test-method status="SKIP" signature="clickCategoriesTest()[pri:0, instance:TestHomePage@7ca48474]" name="clickCategoriesTest" duration-ms="1" started-at="2019-03-26T16:00:40Z" finished-at="2019-03-26T16:00:40Z">
          <reporter-output>
          </reporter-output>
        </test-method> <!-- clickCategoriesTest -->
        <test-method status="SKIP" signature="setUp(boolean, java.lang.String, java.lang.String, java.lang.String, java.lang.String, java.lang.String, java.lang.String)[pri:0, instance:TestHomePage@7ca48474]" name="setUp" is-config="true" duration-ms="0" started-at="2019-03-26T16:00:40Z" finished-at="2019-03-26T16:00:40Z">
          <reporter-output>
          </reporter-output>
        </test-method> <!-- setUp -->
        <test-method status="SKIP" signature="initialize()[pri:0, instance:TestHomePage@7ca48474]" name="initialize" is-config="true" duration-ms="0" started-at="2019-03-26T16:00:40Z" finished-at="2019-03-26T16:00:40Z">
          <reporter-output>
          </reporter-output>
        </test-method> <!-- initialize -->
        <test-method status="SKIP" signature="cleanUp()[pri:0, instance:TestHomePage@7ca48474]" name="cleanUp" is-config="true" duration-ms="0" started-at="2019-03-26T16:00:40Z" finished-at="2019-03-26T16:00:40Z">
          <reporter-output>
          </reporter-output>
        </test-method> <!-- cleanUp -->
        <test-method status="SKIP" signature="afterEachTestMethod(org.testng.ITestResult)[pri:0, instance:TestHomePage@7ca48474]" name="afterEachTestMethod" is-config="true" duration-ms="0" started-at="2019-03-26T16:00:40Z" finished-at="2019-03-26T16:00:40Z">
          <reporter-output>
          </reporter-output>
        </test-method> <!-- afterEachTestMethod -->
        <test-method status="SKIP" signature="setUp(boolean, java.lang.String, java.lang.String, java.lang.String, java.lang.String, java.lang.String, java.lang.String)[pri:0, instance:TestHomePage@7ca48474]" name="setUp" is-config="true" duration-ms="0" started-at="2019-03-26T16:00:40Z" finished-at="2019-03-26T16:00:40Z">
          <reporter-output>
          </reporter-output>
        </test-method> <!-- setUp -->
        <test-method status="SKIP" signature="startExtent(java.lang.reflect.Method)[pri:0, instance:TestHomePage@7ca48474]" name="startExtent" is-config="true" duration-ms="0" started-at="2019-03-26T16:00:40Z" finished-at="2019-03-26T16:00:40Z">
          <reporter-output>
          </reporter-output>
        </test-method> <!-- startExtent -->
        <test-method status="SKIP" signature="search()[pri:0, instance:TestHomePage@7ca48474]" name="search" duration-ms="0" started-at="2019-03-26T16:00:40Z" finished-at="2019-03-26T16:00:40Z">
          <reporter-output>
          </reporter-output>
        </test-method> <!-- search -->
        <test-method status="SKIP" signature="afterEachTestMethod(org.testng.ITestResult)[pri:0, instance:TestHomePage@7ca48474]" name="afterEachTestMethod" is-config="true" duration-ms="0" started-at="2019-03-26T16:00:40Z" finished-at="2019-03-26T16:00:40Z">
          <reporter-output>
          </reporter-output>
        </test-method> <!-- afterEachTestMethod -->
        <test-method status="SKIP" signature="initialize()[pri:0, instance:TestHomePage@7ca48474]" name="initialize" is-config="true" duration-ms="0" started-at="2019-03-26T16:00:40Z" finished-at="2019-03-26T16:00:40Z">
          <reporter-output>
          </reporter-output>
        </test-method> <!-- initialize -->
        <test-method status="SKIP" signature="cleanUp()[pri:0, instance:TestHomePage@7ca48474]" name="cleanUp" is-config="true" duration-ms="0" started-at="2019-03-26T16:00:40Z" finished-at="2019-03-26T16:00:40Z">
          <reporter-output>
          </reporter-output>
        </test-method> <!-- cleanUp -->
        <test-method status="SKIP" signature="testCustomerService()[pri:0, instance:TestHomePage@7ca48474]" name="testCustomerService" duration-ms="0" started-at="2019-03-26T16:00:40Z" finished-at="2019-03-26T16:00:40Z">
          <reporter-output>
          </reporter-output>
        </test-method> <!-- testCustomerService -->
        <test-method status="SKIP" signature="initialize()[pri:0, instance:TestHomePage@7ca48474]" name="initialize" is-config="true" duration-ms="0" started-at="2019-03-26T16:00:40Z" finished-at="2019-03-26T16:00:40Z">
          <reporter-output>
          </reporter-output>
        </test-method> <!-- initialize -->
        <test-method status="SKIP" signature="startExtent(java.lang.reflect.Method)[pri:0, instance:TestHomePage@7ca48474]" name="startExtent" is-config="true" duration-ms="0" started-at="2019-03-26T16:00:40Z" finished-at="2019-03-26T16:00:40Z">
          <reporter-output>
          </reporter-output>
        </test-method> <!-- startExtent -->
        <test-method status="SKIP" signature="setUp(boolean, java.lang.String, java.lang.String, java.lang.String, java.lang.String, java.lang.String, java.lang.String)[pri:0, instance:TestHomePage@7ca48474]" name="setUp" is-config="true" duration-ms="0" started-at="2019-03-26T16:00:40Z" finished-at="2019-03-26T16:00:40Z">
          <reporter-output>
          </reporter-output>
        </test-method> <!-- setUp -->
        <test-method status="SKIP" signature="cleanUp()[pri:0, instance:TestHomePage@7ca48474]" name="cleanUp" is-config="true" duration-ms="0" started-at="2019-03-26T16:00:40Z" finished-at="2019-03-26T16:00:40Z">
          <reporter-output>
          </reporter-output>
        </test-method> <!-- cleanUp -->
        <test-method status="SKIP" signature="afterEachTestMethod(org.testng.ITestResult)[pri:0, instance:TestHomePage@7ca48474]" name="afterEachTestMethod" is-config="true" duration-ms="0" started-at="2019-03-26T16:00:40Z" finished-at="2019-03-26T16:00:40Z">
          <reporter-output>
          </reporter-output>
        </test-method> <!-- afterEachTestMethod -->
        <test-method status="SKIP" signature="startExtent(java.lang.reflect.Method)[pri:0, instance:TestHomePage@7ca48474]" name="startExtent" is-config="true" duration-ms="0" started-at="2019-03-26T16:00:40Z" finished-at="2019-03-26T16:00:40Z">
          <reporter-output>
          </reporter-output>
        </test-method> <!-- startExtent -->
        <test-method status="SKIP" signature="setUp(boolean, java.lang.String, java.lang.String, java.lang.String, java.lang.String, java.lang.String, java.lang.String)[pri:0, instance:TestHomePage@7ca48474]" name="setUp" is-config="true" duration-ms="0" started-at="2019-03-26T16:00:40Z" finished-at="2019-03-26T16:00:40Z">
          <reporter-output>
          </reporter-output>
        </test-method> <!-- setUp -->
        <test-method status="SKIP" signature="searchMacbook()[pri:0, instance:TestHomePage@7ca48474]" name="searchMacbook" duration-ms="1" started-at="2019-03-26T16:00:40Z" finished-at="2019-03-26T16:00:40Z">
          <reporter-output>
          </reporter-output>
        </test-method> <!-- searchMacbook -->
        <test-method status="SKIP" signature="initialize()[pri:0, instance:TestHomePage@7ca48474]" name="initialize" is-config="true" duration-ms="0" started-at="2019-03-26T16:00:40Z" finished-at="2019-03-26T16:00:40Z">
          <reporter-output>
          </reporter-output>
        </test-method> <!-- initialize -->
        <test-method status="SKIP" signature="afterEachTestMethod(org.testng.ITestResult)[pri:0, instance:TestHomePage@7ca48474]" name="afterEachTestMethod" is-config="true" duration-ms="0" started-at="2019-03-26T16:00:40Z" finished-at="2019-03-26T16:00:40Z">
          <reporter-output>
          </reporter-output>
        </test-method> <!-- afterEachTestMethod -->
        <test-method status="SKIP" signature="cleanUp()[pri:0, instance:TestHomePage@7ca48474]" name="cleanUp" is-config="true" duration-ms="0" started-at="2019-03-26T16:00:40Z" finished-at="2019-03-26T16:00:40Z">
          <reporter-output>
          </reporter-output>
        </test-method> <!-- cleanUp -->
        <test-method status="SKIP" signature="setUp(boolean, java.lang.String, java.lang.String, java.lang.String, java.lang.String, java.lang.String, java.lang.String)[pri:0, instance:TestHomePage@7ca48474]" name="setUp" is-config="true" duration-ms="0" started-at="2019-03-26T16:00:40Z" finished-at="2019-03-26T16:00:40Z">
          <reporter-output>
          </reporter-output>
        </test-method> <!-- setUp -->
        <test-method status="SKIP" signature="cleanUp()[pri:0, instance:TestHomePage@7ca48474]" name="cleanUp" is-config="true" duration-ms="0" started-at="2019-03-26T16:00:40Z" finished-at="2019-03-26T16:00:40Z">
          <reporter-output>
          </reporter-output>
        </test-method> <!-- cleanUp -->
        <test-method status="SKIP" signature="afterEachTestMethod(org.testng.ITestResult)[pri:0, instance:TestHomePage@7ca48474]" name="afterEachTestMethod" is-config="true" duration-ms="0" started-at="2019-03-26T16:00:40Z" finished-at="2019-03-26T16:00:40Z">
          <reporter-output>
          </reporter-output>
        </test-method> <!-- afterEachTestMethod -->
        <test-method status="SKIP" signature="startExtent(java.lang.reflect.Method)[pri:0, instance:TestHomePage@7ca48474]" name="startExtent" is-config="true" duration-ms="0" started-at="2019-03-26T16:00:40Z" finished-at="2019-03-26T16:00:40Z">
          <reporter-output>
          </reporter-output>
        </test-method> <!-- startExtent -->
        <test-method status="SKIP" signature="initialize()[pri:0, instance:TestHomePage@7ca48474]" name="initialize" is-config="true" duration-ms="0" started-at="2019-03-26T16:00:40Z" finished-at="2019-03-26T16:00:40Z">
          <reporter-output>
          </reporter-output>
        </test-method> <!-- initialize -->
        <test-method status="SKIP" signature="clickLocationsTab()[pri:0, instance:TestHomePage@7ca48474]" name="clickLocationsTab" duration-ms="0" started-at="2019-03-26T16:00:40Z" finished-at="2019-03-26T16:00:40Z">
          <reporter-output>
          </reporter-output>
        </test-method> <!-- clickLocationsTab -->
        <test-method status="SKIP" signature="testDropDown()[pri:0, instance:TestHomePage@7ca48474]" name="testDropDown" duration-ms="1" started-at="2019-03-26T16:00:40Z" finished-at="2019-03-26T16:00:40Z">
          <reporter-output>
          </reporter-output>
        </test-method> <!-- testDropDown -->
        <test-method status="SKIP" signature="setUp(boolean, java.lang.String, java.lang.String, java.lang.String, java.lang.String, java.lang.String, java.lang.String)[pri:0, instance:TestHomePage@7ca48474]" name="setUp" is-config="true" duration-ms="0" started-at="2019-03-26T16:00:40Z" finished-at="2019-03-26T16:00:40Z">
          <reporter-output>
          </reporter-output>
        </test-method> <!-- setUp -->
        <test-method status="SKIP" signature="initialize()[pri:0, instance:TestHomePage@7ca48474]" name="initialize" is-config="true" duration-ms="0" started-at="2019-03-26T16:00:40Z" finished-at="2019-03-26T16:00:40Z">
          <reporter-output>
          </reporter-output>
        </test-method> <!-- initialize -->
        <test-method status="SKIP" signature="startExtent(java.lang.reflect.Method)[pri:0, instance:TestHomePage@7ca48474]" name="startExtent" is-config="true" duration-ms="0" started-at="2019-03-26T16:00:40Z" finished-at="2019-03-26T16:00:40Z">
          <reporter-output>
          </reporter-output>
        </test-method> <!-- startExtent -->
        <test-method status="SKIP" signature="cleanUp()[pri:0, instance:TestHomePage@7ca48474]" name="cleanUp" is-config="true" duration-ms="0" started-at="2019-03-26T16:00:40Z" finished-at="2019-03-26T16:00:40Z">
          <reporter-output>
          </reporter-output>
        </test-method> <!-- cleanUp -->
        <test-method status="SKIP" signature="afterEachTestMethod(org.testng.ITestResult)[pri:0, instance:TestHomePage@7ca48474]" name="afterEachTestMethod" is-config="true" duration-ms="0" started-at="2019-03-26T16:00:40Z" finished-at="2019-03-26T16:00:40Z">
          <reporter-output>
          </reporter-output>
        </test-method> <!-- afterEachTestMethod -->
        <test-method status="SKIP" signature="initialize()[pri:0, instance:TestHomePage@7ca48474]" name="initialize" is-config="true" duration-ms="0" started-at="2019-03-26T16:00:40Z" finished-at="2019-03-26T16:00:40Z">
          <reporter-output>
          </reporter-output>
        </test-method> <!-- initialize -->
        <test-method status="SKIP" signature="searchInGrocery()[pri:0, instance:TestHomePage@7ca48474]" name="searchInGrocery" duration-ms="0" started-at="2019-03-26T16:00:40Z" finished-at="2019-03-26T16:00:40Z">
          <reporter-output>
          </reporter-output>
        </test-method> <!-- searchInGrocery -->
        <test-method status="SKIP" signature="startExtent(java.lang.reflect.Method)[pri:0, instance:TestHomePage@7ca48474]" name="startExtent" is-config="true" duration-ms="0" started-at="2019-03-26T16:00:40Z" finished-at="2019-03-26T16:00:40Z">
          <reporter-output>
          </reporter-output>
        </test-method> <!-- startExtent -->
        <test-method status="SKIP" signature="setUp(boolean, java.lang.String, java.lang.String, java.lang.String, java.lang.String, java.lang.String, java.lang.String)[pri:0, instance:TestHomePage@7ca48474]" name="setUp" is-config="true" duration-ms="0" started-at="2019-03-26T16:00:40Z" finished-at="2019-03-26T16:00:40Z">
          <reporter-output>
          </reporter-output>
        </test-method> <!-- setUp -->
        <test-method status="SKIP" signature="cleanUp()[pri:0, instance:TestHomePage@7ca48474]" name="cleanUp" is-config="true" duration-ms="0" started-at="2019-03-26T16:00:40Z" finished-at="2019-03-26T16:00:40Z">
          <reporter-output>
          </reporter-output>
        </test-method> <!-- cleanUp -->
        <test-method status="SKIP" signature="afterEachTestMethod(org.testng.ITestResult)[pri:0, instance:TestHomePage@7ca48474]" name="afterEachTestMethod" is-config="true" duration-ms="0" started-at="2019-03-26T16:00:40Z" finished-at="2019-03-26T16:00:40Z">
          <reporter-output>
          </reporter-output>
        </test-method> <!-- afterEachTestMethod -->
      </class> <!-- TestHomePage -->
      <class name="TestServicePage">
        <test-method status="SKIP" signature="initialize()[pri:0, instance:TestServicePage@61a485d2]" name="initialize" is-config="true" duration-ms="0" started-at="2019-03-26T16:00:40Z" finished-at="2019-03-26T16:00:40Z">
          <reporter-output>
          </reporter-output>
        </test-method> <!-- initialize -->
        <test-method status="SKIP" signature="setUp(boolean, java.lang.String, java.lang.String, java.lang.String, java.lang.String, java.lang.String, java.lang.String)[pri:0, instance:TestServicePage@61a485d2]" name="setUp" is-config="true" duration-ms="0" started-at="2019-03-26T16:00:40Z" finished-at="2019-03-26T16:00:40Z">
          <reporter-output>
          </reporter-output>
        </test-method> <!-- setUp -->
        <test-method status="SKIP" signature="startExtent(java.lang.reflect.Method)[pri:0, instance:TestServicePage@61a485d2]" name="startExtent" is-config="true" duration-ms="0" started-at="2019-03-26T16:00:40Z" finished-at="2019-03-26T16:00:40Z">
          <reporter-output>
          </reporter-output>
        </test-method> <!-- startExtent -->
        <test-method status="SKIP" signature="testServicePageTitle()[pri:0, instance:TestServicePage@61a485d2]" name="testServicePageTitle" duration-ms="0" started-at="2019-03-26T16:00:40Z" finished-at="2019-03-26T16:00:40Z">
          <reporter-output>
          </reporter-output>
        </test-method> <!-- testServicePageTitle -->
        <test-method status="SKIP" signature="afterEachTestMethod(org.testng.ITestResult)[pri:0, instance:TestServicePage@61a485d2]" name="afterEachTestMethod" is-config="true" duration-ms="0" started-at="2019-03-26T16:00:40Z" finished-at="2019-03-26T16:00:40Z">
          <reporter-output>
          </reporter-output>
        </test-method> <!-- afterEachTestMethod -->
        <test-method status="SKIP" signature="cleanUp()[pri:0, instance:TestServicePage@61a485d2]" name="cleanUp" is-config="true" duration-ms="0" started-at="2019-03-26T16:00:40Z" finished-at="2019-03-26T16:00:40Z">
          <reporter-output>
          </reporter-output>
        </test-method> <!-- cleanUp -->
        <test-method status="SKIP" signature="setUp(boolean, java.lang.String, java.lang.String, java.lang.String, java.lang.String, java.lang.String, java.lang.String)[pri:0, instance:TestServicePage@61a485d2]" name="setUp" is-config="true" duration-ms="0" started-at="2019-03-26T16:00:40Z" finished-at="2019-03-26T16:00:40Z">
          <reporter-output>
          </reporter-output>
        </test-method> <!-- setUp -->
        <test-method status="SKIP" signature="startExtent(java.lang.reflect.Method)[pri:0, instance:TestServicePage@61a485d2]" name="startExtent" is-config="true" duration-ms="0" started-at="2019-03-26T16:00:40Z" finished-at="2019-03-26T16:00:40Z">
          <reporter-output>
          </reporter-output>
        </test-method> <!-- startExtent -->
        <test-method status="SKIP" signature="afterEachTestMethod(org.testng.ITestResult)[pri:0, instance:TestServicePage@61a485d2]" name="afterEachTestMethod" is-config="true" duration-ms="0" started-at="2019-03-26T16:00:40Z" finished-at="2019-03-26T16:00:40Z">
          <reporter-output>
          </reporter-output>
        </test-method> <!-- afterEachTestMethod -->
        <test-method status="SKIP" signature="testHomeTab()[pri:0, instance:TestServicePage@61a485d2]" name="testHomeTab" duration-ms="0" started-at="2019-03-26T16:00:40Z" finished-at="2019-03-26T16:00:40Z">
          <reporter-output>
          </reporter-output>
        </test-method> <!-- testHomeTab -->
        <test-method status="SKIP" signature="cleanUp()[pri:0, instance:TestServicePage@61a485d2]" name="cleanUp" is-config="true" duration-ms="0" started-at="2019-03-26T16:00:40Z" finished-at="2019-03-26T16:00:40Z">
          <reporter-output>
          </reporter-output>
        </test-method> <!-- cleanUp -->
        <test-method status="SKIP" signature="startExtent(java.lang.reflect.Method)[pri:0, instance:TestServicePage@61a485d2]" name="startExtent" is-config="true" duration-ms="0" started-at="2019-03-26T16:00:40Z" finished-at="2019-03-26T16:00:40Z">
          <reporter-output>
          </reporter-output>
        </test-method> <!-- startExtent -->
        <test-method status="SKIP" signature="testBusinessTab()[pri:0, instance:TestServicePage@61a485d2]" name="testBusinessTab" duration-ms="0" started-at="2019-03-26T16:00:40Z" finished-at="2019-03-26T16:00:40Z">
          <reporter-output>
          </reporter-output>
        </test-method> <!-- testBusinessTab -->
        <test-method status="SKIP" signature="setUp(boolean, java.lang.String, java.lang.String, java.lang.String, java.lang.String, java.lang.String, java.lang.String)[pri:0, instance:TestServicePage@61a485d2]" name="setUp" is-config="true" duration-ms="0" started-at="2019-03-26T16:00:40Z" finished-at="2019-03-26T16:00:40Z">
          <reporter-output>
          </reporter-output>
        </test-method> <!-- setUp -->
        <test-method status="SKIP" signature="cleanUp()[pri:0, instance:TestServicePage@61a485d2]" name="cleanUp" is-config="true" duration-ms="0" started-at="2019-03-26T16:00:40Z" finished-at="2019-03-26T16:00:40Z">
          <reporter-output>
          </reporter-output>
        </test-method> <!-- cleanUp -->
        <test-method status="SKIP" signature="afterEachTestMethod(org.testng.ITestResult)[pri:0, instance:TestServicePage@61a485d2]" name="afterEachTestMethod" is-config="true" duration-ms="0" started-at="2019-03-26T16:00:40Z" finished-at="2019-03-26T16:00:40Z">
          <reporter-output>
          </reporter-output>
        </test-method> <!-- afterEachTestMethod -->
        <test-method status="SKIP" signature="cleanUp()[pri:0, instance:TestServicePage@61a485d2]" name="cleanUp" is-config="true" duration-ms="0" started-at="2019-03-26T16:00:40Z" finished-at="2019-03-26T16:00:40Z">
          <reporter-output>
          </reporter-output>
        </test-method> <!-- cleanUp -->
        <test-method status="SKIP" signature="startExtent(java.lang.reflect.Method)[pri:0, instance:TestServicePage@61a485d2]" name="startExtent" is-config="true" duration-ms="0" started-at="2019-03-26T16:00:40Z" finished-at="2019-03-26T16:00:40Z">
          <reporter-output>
          </reporter-output>
        </test-method> <!-- startExtent -->
        <test-method status="SKIP" signature="afterEachTestMethod(org.testng.ITestResult)[pri:0, instance:TestServicePage@61a485d2]" name="afterEachTestMethod" is-config="true" duration-ms="0" started-at="2019-03-26T16:00:40Z" finished-at="2019-03-26T16:00:40Z">
          <reporter-output>
          </reporter-output>
        </test-method> <!-- afterEachTestMethod -->
        <test-method status="SKIP" signature="setUp(boolean, java.lang.String, java.lang.String, java.lang.String, java.lang.String, java.lang.String, java.lang.String)[pri:0, instance:TestServicePage@61a485d2]" name="setUp" is-config="true" duration-ms="0" started-at="2019-03-26T16:00:40Z" finished-at="2019-03-26T16:00:40Z">
          <reporter-output>
          </reporter-output>
        </test-method> <!-- setUp -->
        <test-method status="SKIP" signature="testLifeTab()[pri:0, instance:TestServicePage@61a485d2]" name="testLifeTab" duration-ms="0" started-at="2019-03-26T16:00:40Z" finished-at="2019-03-26T16:00:40Z">
          <reporter-output>
          </reporter-output>
        </test-method> <!-- testLifeTab -->
        <test-method status="SKIP" signature="setUp(boolean, java.lang.String, java.lang.String, java.lang.String, java.lang.String, java.lang.String, java.lang.String)[pri:0, instance:TestServicePage@61a485d2]" name="setUp" is-config="true" duration-ms="0" started-at="2019-03-26T16:00:40Z" finished-at="2019-03-26T16:00:40Z">
          <reporter-output>
          </reporter-output>
        </test-method> <!-- setUp -->
        <test-method status="SKIP" signature="afterEachTestMethod(org.testng.ITestResult)[pri:0, instance:TestServicePage@61a485d2]" name="afterEachTestMethod" is-config="true" duration-ms="0" started-at="2019-03-26T16:00:40Z" finished-at="2019-03-26T16:00:40Z">
          <reporter-output>
          </reporter-output>
        </test-method> <!-- afterEachTestMethod -->
        <test-method status="SKIP" signature="testAutoHomeInsurance()[pri:0, instance:TestServicePage@61a485d2]" name="testAutoHomeInsurance" duration-ms="0" started-at="2019-03-26T16:00:40Z" finished-at="2019-03-26T16:00:40Z">
          <reporter-output>
          </reporter-output>
        </test-method> <!-- testAutoHomeInsurance -->
        <test-method status="SKIP" signature="startExtent(java.lang.reflect.Method)[pri:0, instance:TestServicePage@61a485d2]" name="startExtent" is-config="true" duration-ms="0" started-at="2019-03-26T16:00:40Z" finished-at="2019-03-26T16:00:40Z">
          <reporter-output>
          </reporter-output>
        </test-method> <!-- startExtent -->
        <test-method status="SKIP" signature="cleanUp()[pri:0, instance:TestServicePage@61a485d2]" name="cleanUp" is-config="true" duration-ms="0" started-at="2019-03-26T16:00:40Z" finished-at="2019-03-26T16:00:40Z">
          <reporter-output>
          </reporter-output>
        </test-method> <!-- cleanUp -->
        <test-method status="SKIP" signature="startExtent(java.lang.reflect.Method)[pri:0, instance:TestServicePage@61a485d2]" name="startExtent" is-config="true" duration-ms="0" started-at="2019-03-26T16:00:40Z" finished-at="2019-03-26T16:00:40Z">
          <reporter-output>
          </reporter-output>
        </test-method> <!-- startExtent -->
        <test-method status="SKIP" signature="setUp(boolean, java.lang.String, java.lang.String, java.lang.String, java.lang.String, java.lang.String, java.lang.String)[pri:0, instance:TestServicePage@61a485d2]" name="setUp" is-config="true" duration-ms="0" started-at="2019-03-26T16:00:40Z" finished-at="2019-03-26T16:00:40Z">
          <reporter-output>
          </reporter-output>
        </test-method> <!-- setUp -->
        <test-method status="SKIP" signature="testCancelBtn()[pri:0, instance:TestServicePage@61a485d2]" name="testCancelBtn" duration-ms="1" started-at="2019-03-26T16:00:40Z" finished-at="2019-03-26T16:00:40Z">
          <reporter-output>
          </reporter-output>
        </test-method> <!-- testCancelBtn -->
        <test-method status="SKIP" signature="afterEachTestMethod(org.testng.ITestResult)[pri:0, instance:TestServicePage@61a485d2]" name="afterEachTestMethod" is-config="true" duration-ms="0" started-at="2019-03-26T16:00:40Z" finished-at="2019-03-26T16:00:40Z">
          <reporter-output>
          </reporter-output>
        </test-method> <!-- afterEachTestMethod -->
        <test-method status="SKIP" signature="cleanUp()[pri:0, instance:TestServicePage@61a485d2]" name="cleanUp" is-config="true" duration-ms="0" started-at="2019-03-26T16:00:40Z" finished-at="2019-03-26T16:00:40Z">
          <reporter-output>
          </reporter-output>
        </test-method> <!-- cleanUp -->
        <test-method status="SKIP" signature="setUp(boolean, java.lang.String, java.lang.String, java.lang.String, java.lang.String, java.lang.String, java.lang.String)[pri:0, instance:TestServicePage@61a485d2]" name="setUp" is-config="true" duration-ms="0" started-at="2019-03-26T16:00:40Z" finished-at="2019-03-26T16:00:40Z">
          <reporter-output>
          </reporter-output>
        </test-method> <!-- setUp -->
        <test-method status="SKIP" signature="cleanUp()[pri:0, instance:TestServicePage@61a485d2]" name="cleanUp" is-config="true" duration-ms="0" started-at="2019-03-26T16:00:40Z" finished-at="2019-03-26T16:00:40Z">
          <reporter-output>
          </reporter-output>
        </test-method> <!-- cleanUp -->
        <test-method status="SKIP" signature="testVideoTab()[pri:0, instance:TestServicePage@61a485d2]" name="testVideoTab" duration-ms="0" started-at="2019-03-26T16:00:40Z" finished-at="2019-03-26T16:00:40Z">
          <reporter-output>
          </reporter-output>
        </test-method> <!-- testVideoTab -->
        <test-method status="SKIP" signature="afterEachTestMethod(org.testng.ITestResult)[pri:0, instance:TestServicePage@61a485d2]" name="afterEachTestMethod" is-config="true" duration-ms="0" started-at="2019-03-26T16:00:40Z" finished-at="2019-03-26T16:00:40Z">
          <reporter-output>
          </reporter-output>
        </test-method> <!-- afterEachTestMethod -->
        <test-method status="SKIP" signature="startExtent(java.lang.reflect.Method)[pri:0, instance:TestServicePage@61a485d2]" name="startExtent" is-config="true" duration-ms="0" started-at="2019-03-26T16:00:40Z" finished-at="2019-03-26T16:00:40Z">
          <reporter-output>
          </reporter-output>
        </test-method> <!-- startExtent -->
        <test-method status="SKIP" signature="testExternalLinkBtn()[pri:0, instance:TestServicePage@61a485d2]" name="testExternalLinkBtn" duration-ms="1" started-at="2019-03-26T16:00:40Z" finished-at="2019-03-26T16:00:40Z">
          <reporter-output>
          </reporter-output>
        </test-method> <!-- testExternalLinkBtn -->
        <test-method status="SKIP" signature="startExtent(java.lang.reflect.Method)[pri:0, instance:TestServicePage@61a485d2]" name="startExtent" is-config="true" duration-ms="0" started-at="2019-03-26T16:00:40Z" finished-at="2019-03-26T16:00:40Z">
          <reporter-output>
          </reporter-output>
        </test-method> <!-- startExtent -->
        <test-method status="SKIP" signature="setUp(boolean, java.lang.String, java.lang.String, java.lang.String, java.lang.String, java.lang.String, java.lang.String)[pri:0, instance:TestServicePage@61a485d2]" name="setUp" is-config="true" duration-ms="0" started-at="2019-03-26T16:00:40Z" finished-at="2019-03-26T16:00:40Z">
          <reporter-output>
          </reporter-output>
        </test-method> <!-- setUp -->
        <test-method status="SKIP" signature="cleanUp()[pri:0, instance:TestServicePage@61a485d2]" name="cleanUp" is-config="true" duration-ms="0" started-at="2019-03-26T16:00:40Z" finished-at="2019-03-26T16:00:40Z">
          <reporter-output>
          </reporter-output>
        </test-method> <!-- cleanUp -->
        <test-method status="SKIP" signature="afterEachTestMethod(org.testng.ITestResult)[pri:0, instance:TestServicePage@61a485d2]" name="afterEachTestMethod" is-config="true" duration-ms="0" started-at="2019-03-26T16:00:40Z" finished-at="2019-03-26T16:00:40Z">
          <reporter-output>
          </reporter-output>
        </test-method> <!-- afterEachTestMethod -->
      </class> <!-- TestServicePage -->
      <class name="TestRegisterPage">
        <test-method status="SKIP" signature="initialize()[pri:0, instance:TestRegisterPage@39fb3ab6]" name="initialize" is-config="true" duration-ms="0" started-at="2019-03-26T16:00:40Z" finished-at="2019-03-26T16:00:40Z">
          <reporter-output>
          </reporter-output>
        </test-method> <!-- initialize -->
        <test-method status="SKIP" signature="startExtent(java.lang.reflect.Method)[pri:0, instance:TestRegisterPage@39fb3ab6]" name="startExtent" is-config="true" duration-ms="0" started-at="2019-03-26T16:00:40Z" finished-at="2019-03-26T16:00:40Z">
          <reporter-output>
          </reporter-output>
        </test-method> <!-- startExtent -->
        <test-method status="SKIP" signature="setUp(boolean, java.lang.String, java.lang.String, java.lang.String, java.lang.String, java.lang.String, java.lang.String)[pri:0, instance:TestRegisterPage@39fb3ab6]" name="setUp" is-config="true" duration-ms="0" started-at="2019-03-26T16:00:40Z" finished-at="2019-03-26T16:00:40Z">
          <reporter-output>
          </reporter-output>
        </test-method> <!-- setUp -->
        <test-method status="SKIP" signature="testRegisterPageTitle()[pri:0, instance:TestRegisterPage@39fb3ab6]" name="testRegisterPageTitle" duration-ms="0" started-at="2019-03-26T16:00:40Z" finished-at="2019-03-26T16:00:40Z">
          <reporter-output>
          </reporter-output>
        </test-method> <!-- testRegisterPageTitle -->
        <test-method status="SKIP" signature="afterEachTestMethod(org.testng.ITestResult)[pri:0, instance:TestRegisterPage@39fb3ab6]" name="afterEachTestMethod" is-config="true" duration-ms="0" started-at="2019-03-26T16:00:40Z" finished-at="2019-03-26T16:00:40Z">
          <reporter-output>
          </reporter-output>
        </test-method> <!-- afterEachTestMethod -->
        <test-method status="SKIP" signature="cleanUp()[pri:0, instance:TestRegisterPage@39fb3ab6]" name="cleanUp" is-config="true" duration-ms="0" started-at="2019-03-26T16:00:40Z" finished-at="2019-03-26T16:00:40Z">
          <reporter-output>
          </reporter-output>
        </test-method> <!-- cleanUp -->
        <test-method status="SKIP" signature="setUp(boolean, java.lang.String, java.lang.String, java.lang.String, java.lang.String, java.lang.String, java.lang.String)[pri:0, instance:TestRegisterPage@39fb3ab6]" name="setUp" is-config="true" duration-ms="0" started-at="2019-03-26T16:00:40Z" finished-at="2019-03-26T16:00:40Z">
          <reporter-output>
          </reporter-output>
        </test-method> <!-- setUp -->
        <test-method status="SKIP" signature="testEmailBar()[pri:0, instance:TestRegisterPage@39fb3ab6]" name="testEmailBar" duration-ms="0" started-at="2019-03-26T16:00:40Z" finished-at="2019-03-26T16:00:40Z">
          <reporter-output>
          </reporter-output>
        </test-method> <!-- testEmailBar -->
        <test-method status="SKIP" signature="startExtent(java.lang.reflect.Method)[pri:0, instance:TestRegisterPage@39fb3ab6]" name="startExtent" is-config="true" duration-ms="0" started-at="2019-03-26T16:00:40Z" finished-at="2019-03-26T16:00:40Z">
          <reporter-output>
          </reporter-output>
        </test-method> <!-- startExtent -->
        <test-method status="SKIP" signature="afterEachTestMethod(org.testng.ITestResult)[pri:0, instance:TestRegisterPage@39fb3ab6]" name="afterEachTestMethod" is-config="true" duration-ms="0" started-at="2019-03-26T16:00:40Z" finished-at="2019-03-26T16:00:40Z">
          <reporter-output>
          </reporter-output>
        </test-method> <!-- afterEachTestMethod -->
        <test-method status="SKIP" signature="cleanUp()[pri:0, instance:TestRegisterPage@39fb3ab6]" name="cleanUp" is-config="true" duration-ms="0" started-at="2019-03-26T16:00:40Z" finished-at="2019-03-26T16:00:40Z">
          <reporter-output>
          </reporter-output>
        </test-method> <!-- cleanUp -->
        <test-method status="SKIP" signature="setUp(boolean, java.lang.String, java.lang.String, java.lang.String, java.lang.String, java.lang.String, java.lang.String)[pri:0, instance:TestRegisterPage@39fb3ab6]" name="setUp" is-config="true" duration-ms="0" started-at="2019-03-26T16:00:40Z" finished-at="2019-03-26T16:00:40Z">
          <reporter-output>
          </reporter-output>
        </test-method> <!-- setUp -->
        <test-method status="SKIP" signature="testPasswordBar()[pri:0, instance:TestRegisterPage@39fb3ab6]" name="testPasswordBar" duration-ms="0" started-at="2019-03-26T16:00:40Z" finished-at="2019-03-26T16:00:40Z">
          <reporter-output>
          </reporter-output>
        </test-method> <!-- testPasswordBar -->
        <test-method status="SKIP" signature="startExtent(java.lang.reflect.Method)[pri:0, instance:TestRegisterPage@39fb3ab6]" name="startExtent" is-config="true" duration-ms="0" started-at="2019-03-26T16:00:40Z" finished-at="2019-03-26T16:00:40Z">
          <reporter-output>
          </reporter-output>
        </test-method> <!-- startExtent -->
        <test-method status="SKIP" signature="cleanUp()[pri:0, instance:TestRegisterPage@39fb3ab6]" name="cleanUp" is-config="true" duration-ms="0" started-at="2019-03-26T16:00:40Z" finished-at="2019-03-26T16:00:40Z">
          <reporter-output>
          </reporter-output>
        </test-method> <!-- cleanUp -->
        <test-method status="SKIP" signature="afterEachTestMethod(org.testng.ITestResult)[pri:0, instance:TestRegisterPage@39fb3ab6]" name="afterEachTestMethod" is-config="true" duration-ms="0" started-at="2019-03-26T16:00:40Z" finished-at="2019-03-26T16:00:40Z">
          <reporter-output>
          </reporter-output>
        </test-method> <!-- afterEachTestMethod -->
        <test-method status="SKIP" signature="setUp(boolean, java.lang.String, java.lang.String, java.lang.String, java.lang.String, java.lang.String, java.lang.String)[pri:0, instance:TestRegisterPage@39fb3ab6]" name="setUp" is-config="true" duration-ms="0" started-at="2019-03-26T16:00:40Z" finished-at="2019-03-26T16:00:40Z">
          <reporter-output>
          </reporter-output>
        </test-method> <!-- setUp -->
        <test-method status="SKIP" signature="startExtent(java.lang.reflect.Method)[pri:0, instance:TestRegisterPage@39fb3ab6]" name="startExtent" is-config="true" duration-ms="0" started-at="2019-03-26T16:00:40Z" finished-at="2019-03-26T16:00:40Z">
          <reporter-output>
          </reporter-output>
        </test-method> <!-- startExtent -->
        <test-method status="SKIP" signature="cleanUp()[pri:0, instance:TestRegisterPage@39fb3ab6]" name="cleanUp" is-config="true" duration-ms="0" started-at="2019-03-26T16:00:40Z" finished-at="2019-03-26T16:00:40Z">
          <reporter-output>
          </reporter-output>
        </test-method> <!-- cleanUp -->
        <test-method status="SKIP" signature="enterEmailandPassword()[pri:0, instance:TestRegisterPage@39fb3ab6]" name="enterEmailandPassword" duration-ms="0" started-at="2019-03-26T16:00:40Z" finished-at="2019-03-26T16:00:40Z">
          <reporter-output>
          </reporter-output>
        </test-method> <!-- enterEmailandPassword -->
        <test-method status="SKIP" signature="afterEachTestMethod(org.testng.ITestResult)[pri:0, instance:TestRegisterPage@39fb3ab6]" name="afterEachTestMethod" is-config="true" duration-ms="0" started-at="2019-03-26T16:00:40Z" finished-at="2019-03-26T16:00:40Z">
          <reporter-output>
          </reporter-output>
        </test-method> <!-- afterEachTestMethod -->
        <test-method status="SKIP" signature="startExtent(java.lang.reflect.Method)[pri:0, instance:TestRegisterPage@39fb3ab6]" name="startExtent" is-config="true" duration-ms="0" started-at="2019-03-26T16:00:40Z" finished-at="2019-03-26T16:00:40Z">
          <reporter-output>
          </reporter-output>
        </test-method> <!-- startExtent -->
        <test-method status="SKIP" signature="setUp(boolean, java.lang.String, java.lang.String, java.lang.String, java.lang.String, java.lang.String, java.lang.String)[pri:0, instance:TestRegisterPage@39fb3ab6]" name="setUp" is-config="true" duration-ms="0" started-at="2019-03-26T16:00:40Z" finished-at="2019-03-26T16:00:40Z">
          <reporter-output>
          </reporter-output>
        </test-method> <!-- setUp -->
        <test-method status="SKIP" signature="emailPasswordMemberId()[pri:0, instance:TestRegisterPage@39fb3ab6]" name="emailPasswordMemberId" duration-ms="1" started-at="2019-03-26T16:00:40Z" finished-at="2019-03-26T16:00:40Z">
          <reporter-output>
          </reporter-output>
        </test-method> <!-- emailPasswordMemberId -->
        <test-method status="SKIP" signature="afterEachTestMethod(org.testng.ITestResult)[pri:0, instance:TestRegisterPage@39fb3ab6]" name="afterEachTestMethod" is-config="true" duration-ms="0" started-at="2019-03-26T16:00:40Z" finished-at="2019-03-26T16:00:40Z">
          <reporter-output>
          </reporter-output>
        </test-method> <!-- afterEachTestMethod -->
        <test-method status="SKIP" signature="cleanUp()[pri:0, instance:TestRegisterPage@39fb3ab6]" name="cleanUp" is-config="true" duration-ms="0" started-at="2019-03-26T16:00:40Z" finished-at="2019-03-26T16:00:40Z">
          <reporter-output>
          </reporter-output>
        </test-method> <!-- cleanUp -->
        <test-method status="SKIP" signature="setUp(boolean, java.lang.String, java.lang.String, java.lang.String, java.lang.String, java.lang.String, java.lang.String)[pri:0, instance:TestRegisterPage@39fb3ab6]" name="setUp" is-config="true" duration-ms="0" started-at="2019-03-26T16:00:40Z" finished-at="2019-03-26T16:00:40Z">
          <reporter-output>
          </reporter-output>
        </test-method> <!-- setUp -->
        <test-method status="SKIP" signature="startExtent(java.lang.reflect.Method)[pri:0, instance:TestRegisterPage@39fb3ab6]" name="startExtent" is-config="true" duration-ms="0" started-at="2019-03-26T16:00:40Z" finished-at="2019-03-26T16:00:40Z">
          <reporter-output>
          </reporter-output>
        </test-method> <!-- startExtent -->
        <test-method status="SKIP" signature="testBuyMembershipTab()[pri:0, instance:TestRegisterPage@39fb3ab6]" name="testBuyMembershipTab" duration-ms="0" started-at="2019-03-26T16:00:40Z" finished-at="2019-03-26T16:00:40Z">
          <reporter-output>
          </reporter-output>
        </test-method> <!-- testBuyMembershipTab -->
        <test-method status="SKIP" signature="cleanUp()[pri:0, instance:TestRegisterPage@39fb3ab6]" name="cleanUp" is-config="true" duration-ms="0" started-at="2019-03-26T16:00:40Z" finished-at="2019-03-26T16:00:40Z">
          <reporter-output>
          </reporter-output>
        </test-method> <!-- cleanUp -->
        <test-method status="SKIP" signature="afterEachTestMethod(org.testng.ITestResult)[pri:0, instance:TestRegisterPage@39fb3ab6]" name="afterEachTestMethod" is-config="true" duration-ms="0" started-at="2019-03-26T16:00:40Z" finished-at="2019-03-26T16:00:40Z">
          <reporter-output>
          </reporter-output>
        </test-method> <!-- afterEachTestMethod -->
      </class> <!-- TestRegisterPage -->
      <class name="TestMembershipClass">
        <test-method status="SKIP" signature="initialize()[pri:0, instance:TestMembershipClass@6276ae34]" name="initialize" is-config="true" duration-ms="0" started-at="2019-03-26T16:00:40Z" finished-at="2019-03-26T16:00:40Z">
          <reporter-output>
          </reporter-output>
        </test-method> <!-- initialize -->
        <test-method status="SKIP" signature="setUp(boolean, java.lang.String, java.lang.String, java.lang.String, java.lang.String, java.lang.String, java.lang.String)[pri:0, instance:TestMembershipClass@6276ae34]" name="setUp" is-config="true" duration-ms="0" started-at="2019-03-26T16:00:40Z" finished-at="2019-03-26T16:00:40Z">
          <reporter-output>
          </reporter-output>
        </test-method> <!-- setUp -->
        <test-method status="SKIP" signature="cleanUp()[pri:0, instance:TestMembershipClass@6276ae34]" name="cleanUp" is-config="true" duration-ms="0" started-at="2019-03-26T16:00:40Z" finished-at="2019-03-26T16:00:40Z">
          <reporter-output>
          </reporter-output>
        </test-method> <!-- cleanUp -->
        <test-method status="SKIP" signature="membershipPageTitle()[pri:0, instance:TestMembershipClass@6276ae34]" name="membershipPageTitle" duration-ms="0" started-at="2019-03-26T16:00:40Z" finished-at="2019-03-26T16:00:40Z">
          <reporter-output>
          </reporter-output>
        </test-method> <!-- membershipPageTitle -->
        <test-method status="SKIP" signature="afterEachTestMethod(org.testng.ITestResult)[pri:0, instance:TestMembershipClass@6276ae34]" name="afterEachTestMethod" is-config="true" duration-ms="0" started-at="2019-03-26T16:00:40Z" finished-at="2019-03-26T16:00:40Z">
          <reporter-output>
          </reporter-output>
        </test-method> <!-- afterEachTestMethod -->
        <test-method status="SKIP" signature="startExtent(java.lang.reflect.Method)[pri:0, instance:TestMembershipClass@6276ae34]" name="startExtent" is-config="true" duration-ms="0" started-at="2019-03-26T16:00:40Z" finished-at="2019-03-26T16:00:40Z">
          <reporter-output>
          </reporter-output>
        </test-method> <!-- startExtent -->
        <test-method status="SKIP" signature="TestWhyBecomeMember()[pri:0, instance:TestMembershipClass@6276ae34]" name="TestWhyBecomeMember" duration-ms="0" started-at="2019-03-26T16:00:40Z" finished-at="2019-03-26T16:00:40Z">
          <reporter-output>
          </reporter-output>
        </test-method> <!-- TestWhyBecomeMember -->
        <test-method status="SKIP" signature="setUp(boolean, java.lang.String, java.lang.String, java.lang.String, java.lang.String, java.lang.String, java.lang.String)[pri:0, instance:TestMembershipClass@6276ae34]" name="setUp" is-config="true" duration-ms="0" started-at="2019-03-26T16:00:40Z" finished-at="2019-03-26T16:00:40Z">
          <reporter-output>
          </reporter-output>
        </test-method> <!-- setUp -->
        <test-method status="SKIP" signature="startExtent(java.lang.reflect.Method)[pri:0, instance:TestMembershipClass@6276ae34]" name="startExtent" is-config="true" duration-ms="0" started-at="2019-03-26T16:00:40Z" finished-at="2019-03-26T16:00:40Z">
          <reporter-output>
          </reporter-output>
        </test-method> <!-- startExtent -->
        <test-method status="SKIP" signature="afterEachTestMethod(org.testng.ITestResult)[pri:0, instance:TestMembershipClass@6276ae34]" name="afterEachTestMethod" is-config="true" duration-ms="0" started-at="2019-03-26T16:00:40Z" finished-at="2019-03-26T16:00:40Z">
          <reporter-output>
          </reporter-output>
        </test-method> <!-- afterEachTestMethod -->
        <test-method status="SKIP" signature="cleanUp()[pri:0, instance:TestMembershipClass@6276ae34]" name="cleanUp" is-config="true" duration-ms="0" started-at="2019-03-26T16:00:40Z" finished-at="2019-03-26T16:00:40Z">
          <reporter-output>
          </reporter-output>
        </test-method> <!-- cleanUp -->
        <test-method status="SKIP" signature="setUp(boolean, java.lang.String, java.lang.String, java.lang.String, java.lang.String, java.lang.String, java.lang.String)[pri:0, instance:TestMembershipClass@6276ae34]" name="setUp" is-config="true" duration-ms="0" started-at="2019-03-26T16:00:40Z" finished-at="2019-03-26T16:00:40Z">
          <reporter-output>
          </reporter-output>
        </test-method> <!-- setUp -->
        <test-method status="SKIP" signature="startExtent(java.lang.reflect.Method)[pri:0, instance:TestMembershipClass@6276ae34]" name="startExtent" is-config="true" duration-ms="0" started-at="2019-03-26T16:00:40Z" finished-at="2019-03-26T16:00:40Z">
          <reporter-output>
          </reporter-output>
        </test-method> <!-- startExtent -->
        <test-method status="SKIP" signature="afterEachTestMethod(org.testng.ITestResult)[pri:0, instance:TestMembershipClass@6276ae34]" name="afterEachTestMethod" is-config="true" duration-ms="0" started-at="2019-03-26T16:00:40Z" finished-at="2019-03-26T16:00:40Z">
          <reporter-output>
          </reporter-output>
        </test-method> <!-- afterEachTestMethod -->
        <test-method status="SKIP" signature="cleanUp()[pri:0, instance:TestMembershipClass@6276ae34]" name="cleanUp" is-config="true" duration-ms="0" started-at="2019-03-26T16:00:40Z" finished-at="2019-03-26T16:00:40Z">
          <reporter-output>
          </reporter-output>
        </test-method> <!-- cleanUp -->
        <test-method status="SKIP" signature="WhyBecomeMemberTitle()[pri:0, instance:TestMembershipClass@6276ae34]" name="WhyBecomeMemberTitle" duration-ms="0" started-at="2019-03-26T16:00:40Z" finished-at="2019-03-26T16:00:40Z">
          <reporter-output>
          </reporter-output>
        </test-method> <!-- WhyBecomeMemberTitle -->
        <test-method status="SKIP" signature="TestTermsAndConditions()[pri:0, instance:TestMembershipClass@6276ae34]" name="TestTermsAndConditions" duration-ms="0" started-at="2019-03-26T16:00:40Z" finished-at="2019-03-26T16:00:40Z">
          <reporter-output>
          </reporter-output>
        </test-method> <!-- TestTermsAndConditions -->
        <test-method status="SKIP" signature="startExtent(java.lang.reflect.Method)[pri:0, instance:TestMembershipClass@6276ae34]" name="startExtent" is-config="true" duration-ms="0" started-at="2019-03-26T16:00:40Z" finished-at="2019-03-26T16:00:40Z">
          <reporter-output>
          </reporter-output>
        </test-method> <!-- startExtent -->
        <test-method status="SKIP" signature="setUp(boolean, java.lang.String, java.lang.String, java.lang.String, java.lang.String, java.lang.String, java.lang.String)[pri:0, instance:TestMembershipClass@6276ae34]" name="setUp" is-config="true" duration-ms="0" started-at="2019-03-26T16:00:40Z" finished-at="2019-03-26T16:00:40Z">
          <reporter-output>
          </reporter-output>
        </test-method> <!-- setUp -->
        <test-method status="SKIP" signature="afterEachTestMethod(org.testng.ITestResult)[pri:0, instance:TestMembershipClass@6276ae34]" name="afterEachTestMethod" is-config="true" duration-ms="0" started-at="2019-03-26T16:00:40Z" finished-at="2019-03-26T16:00:40Z">
          <reporter-output>
          </reporter-output>
        </test-method> <!-- afterEachTestMethod -->
        <test-method status="SKIP" signature="cleanUp()[pri:0, instance:TestMembershipClass@6276ae34]" name="cleanUp" is-config="true" duration-ms="0" started-at="2019-03-26T16:00:40Z" finished-at="2019-03-26T16:00:40Z">
          <reporter-output>
          </reporter-output>
        </test-method> <!-- cleanUp -->
      </class> <!-- TestMembershipClass -->
    </test> <!-- Command line test -->
  </suite> <!-- Command line suite -->
</testng-results>
