<?xml version="1.0" encoding="UTF-8" ?>
<testsuite tests="189" failures="1" name="TestSuite" time="21.701" errors="0" skipped="188">
  <properties>
[...]
</properties>
  <testcase classname="TestLocationsPage" name="initialize" time="5.503">
    <failure type="java.lang.NullPointerException">java.lang.NullPointerException
	at TestLocationsPage.initialize(TestLocationsPage.java:14)
</failure>
    <system-out>Configuring TestNG with: org.apache.maven.surefire.testng.conf.TestNG652Configurator@2a33fae0
Extent Report Directory/Users/Saqib/Documents/IntelliJ Projects/Group2AutomationFramework/Costco/target/surefire-reports/html
</system-out>
    <system-err>Mar 26, 2019 4:00:40 PM com.relevantcodes.extentreports.ExtentReports loadConfig
WARNING: Unable to perform report configuration. The file /Users/Saqib/Documents/IntelliJ Projects/Group2AutomationFramework/Costco/report-config.xml was not found.
</system-err>
  </testcase>
  <testcase classname="TestLocationsPage" name="setUp" time="5.505">
    <skipped/>
  </testcase>
  <testcase classname="TestLocationsPage" name="startExtent" time="5.505">
    <skipped/>
  </testcase>
  <testcase classname="TestLocationsPage" name="TestLocationTitle" time="0">
    <skipped/>
  </testcase>
  <testcase classname="TestLocationsPage" name="afterEachTestMethod" time="0">
    <skipped/>
  </testcase>
  <testcase classname="TestLocationsPage" name="cleanUp" time="0">
    <skipped/>
  </testcase>
  <testcase classname="TestLocationsPage" name="setUp" time="0.001">
    <skipped/>
  </testcase>
  <testcase classname="TestLocationsPage" name="startExtent" time="0.001">
    <skipped/>
  </testcase>
  <testcase classname="TestLocationsPage" name="searchZipCode" time="0">
    <skipped/>
  </testcase>
  <testcase classname="TestLocationsPage" name="afterEachTestMethod" time="0.002">
    <skipped/>
  </testcase>
  <testcase classname="TestLocationsPage" name="cleanUp" time="0.002">
    <skipped/>
  </testcase>
  <testcase classname="TestLocationsPage" name="setUp" time="0.002">
    <skipped/>
  </testcase>
  <testcase classname="TestLocationsPage" name="startExtent" time="0.002">
    <skipped/>
  </testcase>
  <testcase classname="TestLocationsPage" name="testViewMoreLocations" time="0">
    <skipped/>
  </testcase>
  <testcase classname="TestLocationsPage" name="afterEachTestMethod" time="0.001">
    <skipped/>
  </testcase>
  <testcase classname="TestLocationsPage" name="cleanUp" time="0.001">
    <skipped/>
  </testcase>
  <testcase classname="TestHomePage" name="setUp" time="0.002">
    <skipped/>
  </testcase>
  <testcase classname="TestHomePage" name="startExtent" time="0.002">
    <skipped/>
  </testcase>
  <testcase classname="TestHomePage" name="initialize" time="0.002">
    <skipped/>
  </testcase>
  <testcase classname="TestHomePage" name="testHomepageTitle" time="0">
    <skipped/>
  </testcase>
  <testcase classname="TestHomePage" name="afterEachTestMethod" time="0">
    <skipped/>
  </testcase>
  <testcase classname="TestHomePage" name="cleanUp" time="0">
    <skipped/>
  </testcase>
  <testcase classname="TestMembershipClass" name="initialize" time="0">
    <skipped/>
  </testcase>
  <testcase classname="TestMembershipClass" name="setUp" time="0">
    <skipped/>
  </testcase>
  <testcase classname="TestMembershipClass" name="startExtent" time="0.001">
    <skipped/>
  </testcase>
  <testcase classname="TestMembershipClass" name="membershipPageTitle" time="0">
    <skipped/>
  </testcase>
  <testcase classname="TestMembershipClass" name="afterEachTestMethod" time="0.001">
    <skipped/>
  </testcase>
  <testcase classname="TestMembershipClass" name="cleanUp" time="0.001">
    <skipped/>
  </testcase>
  <testcase classname="TestRegisterPage" name="initialize" time="0.002">
    <skipped/>
  </testcase>
  <testcase classname="TestRegisterPage" name="setUp" time="0.002">
    <skipped/>
  </testcase>
  <testcase classname="TestRegisterPage" name="startExtent" time="0.002">
    <skipped/>
  </testcase>
  <testcase classname="TestRegisterPage" name="testRegisterPageTitle" time="0">
    <skipped/>
  </testcase>
  <testcase classname="TestRegisterPage" name="afterEachTestMethod" time="0">
    <skipped/>
  </testcase>
  <testcase classname="TestRegisterPage" name="cleanUp" time="0">
    <skipped/>
  </testcase>
  <testcase classname="TestServicePage" name="initialize" time="0">
    <skipped/>
  </testcase>
  <testcase classname="TestServicePage" name="setUp" time="0">
    <skipped/>
  </testcase>
  <testcase classname="TestServicePage" name="startExtent" time="0">
    <skipped/>
  </testcase>
  <testcase classname="TestServicePage" name="testServicePageTitle" time="0">
    <skipped/>
  </testcase>
  <testcase classname="TestServicePage" name="afterEachTestMethod" time="0">
    <skipped/>
  </testcase>
  <testcase classname="TestServicePage" name="cleanUp" time="0">
    <skipped/>
  </testcase>
  <testcase classname="TestSignInPage" name="initialize" time="0">
    <skipped/>
  </testcase>
  <testcase classname="TestSignInPage" name="setUp" time="0">
    <skipped/>
  </testcase>
  <testcase classname="TestSignInPage" name="startExtent" time="0">
    <skipped/>
  </testcase>
  <testcase classname="TestSignInPage" name="testSignInTitle" time="0">
    <skipped/>
  </testcase>
  <testcase classname="TestSignInPage" name="afterEachTestMethod" time="0.001">
    <skipped/>
  </testcase>
  <testcase classname="TestSignInPage" name="cleanUp" time="0.001">
    <skipped/>
  </testcase>
  <testcase classname="TestHomePage" name="setUp" time="0.001">
    <skipped/>
  </testcase>
  <testcase classname="TestHomePage" name="startExtent" time="0.001">
    <skipped/>
  </testcase>
  <testcase classname="TestHomePage" name="initialize" time="0.002">
    <skipped/>
  </testcase>
  <testcase classname="TestHomePage" name="clickCategoriesTest" time="0">
    <skipped/>
  </testcase>
  <testcase classname="TestHomePage" name="afterEachTestMethod" time="0">
    <skipped/>
  </testcase>
  <testcase classname="TestHomePage" name="cleanUp" time="0">
    <skipped/>
  </testcase>
  <testcase classname="TestMembershipClass" name="setUp" time="0.001">
    <skipped/>
  </testcase>
  <testcase classname="TestMembershipClass" name="startExtent" time="0.001">
    <skipped/>
  </testcase>
  <testcase classname="TestMembershipClass" name="TestWhyBecomeMember" time="0">
    <skipped/>
  </testcase>
  <testcase classname="TestMembershipClass" name="afterEachTestMethod" time="0">
    <skipped/>
  </testcase>
  <testcase classname="TestMembershipClass" name="cleanUp" time="0">
    <skipped/>
  </testcase>
  <testcase classname="TestRegisterPage" name="setUp" time="0">
    <skipped/>
  </testcase>
  <testcase classname="TestRegisterPage" name="startExtent" time="0.001">
    <skipped/>
  </testcase>
  <testcase classname="TestRegisterPage" name="testEmailBar" time="0">
    <skipped/>
  </testcase>
  <testcase classname="TestRegisterPage" name="afterEachTestMethod" time="0.001">
    <skipped/>
  </testcase>
  <testcase classname="TestRegisterPage" name="cleanUp" time="0.001">
    <skipped/>
  </testcase>
  <testcase classname="TestServicePage" name="setUp" time="0.001">
    <skipped/>
  </testcase>
  <testcase classname="TestServicePage" name="startExtent" time="0.001">
    <skipped/>
  </testcase>
  <testcase classname="TestServicePage" name="testHomeTab" time="0">
    <skipped/>
  </testcase>
  <testcase classname="TestServicePage" name="afterEachTestMethod" time="0">
    <skipped/>
  </testcase>
  <testcase classname="TestServicePage" name="cleanUp" time="0">
    <skipped/>
  </testcase>
  <testcase classname="TestSignInPage" name="setUp" time="0.002">
    <skipped/>
  </testcase>
  <testcase classname="TestSignInPage" name="startExtent" time="0.002">
    <skipped/>
  </testcase>
  <testcase classname="TestSignInPage" name="testSignInButton" time="0">
    <skipped/>
  </testcase>
  <testcase classname="TestSignInPage" name="afterEachTestMethod" time="0.002">
    <skipped/>
  </testcase>
  <testcase classname="TestSignInPage" name="cleanUp" time="0.002">
    <skipped/>
  </testcase>
  <testcase classname="TestHomePage" name="setUp" time="0.002">
    <skipped/>
  </testcase>
  <testcase classname="TestHomePage" name="startExtent" time="0.002">
    <skipped/>
  </testcase>
  <testcase classname="TestHomePage" name="initialize" time="0.002">
    <skipped/>
  </testcase>
  <testcase classname="TestHomePage" name="search" time="0">
    <skipped/>
  </testcase>
  <testcase classname="TestHomePage" name="afterEachTestMethod" time="0">
    <skipped/>
  </testcase>
  <testcase classname="TestHomePage" name="cleanUp" time="0">
    <skipped/>
  </testcase>
  <testcase classname="TestMembershipClass" name="setUp" time="0.002">
    <skipped/>
  </testcase>
  <testcase classname="TestMembershipClass" name="startExtent" time="0.002">
    <skipped/>
  </testcase>
  <testcase classname="TestMembershipClass" name="WhyBecomeMemberTitle" time="0">
    <skipped/>
  </testcase>
  <testcase classname="TestMembershipClass" name="afterEachTestMethod" time="0">
    <skipped/>
  </testcase>
  <testcase classname="TestMembershipClass" name="cleanUp" time="0">
    <skipped/>
  </testcase>
  <testcase classname="TestRegisterPage" name="setUp" time="0.001">
    <skipped/>
  </testcase>
  <testcase classname="TestRegisterPage" name="startExtent" time="0.001">
    <skipped/>
  </testcase>
  <testcase classname="TestRegisterPage" name="testPasswordBar" time="0">
    <skipped/>
  </testcase>
  <testcase classname="TestRegisterPage" name="afterEachTestMethod" time="0">
    <skipped/>
  </testcase>
  <testcase classname="TestRegisterPage" name="cleanUp" time="0">
    <skipped/>
  </testcase>
  <testcase classname="TestServicePage" name="setUp" time="0">
    <skipped/>
  </testcase>
  <testcase classname="TestServicePage" name="startExtent" time="0.001">
    <skipped/>
  </testcase>
  <testcase classname="TestServicePage" name="testBusinessTab" time="0">
    <skipped/>
  </testcase>
  <testcase classname="TestServicePage" name="afterEachTestMethod" time="0">
    <skipped/>
  </testcase>
  <testcase classname="TestServicePage" name="cleanUp" time="0">
    <skipped/>
  </testcase>
  <testcase classname="TestSignInPage" name="setUp" time="0.001">
    <skipped/>
  </testcase>
  <testcase classname="TestSignInPage" name="startExtent" time="0.001">
    <skipped/>
  </testcase>
  <testcase classname="TestSignInPage" name="enterEmail" time="0">
    <skipped/>
  </testcase>
  <testcase classname="TestSignInPage" name="afterEachTestMethod" time="0">
    <skipped/>
  </testcase>
  <testcase classname="TestSignInPage" name="cleanUp" time="0.001">
    <skipped/>
  </testcase>
  <testcase classname="TestHomePage" name="setUp" time="0.002">
    <skipped/>
  </testcase>
  <testcase classname="TestHomePage" name="startExtent" time="0.002">
    <skipped/>
  </testcase>
  <testcase classname="TestHomePage" name="initialize" time="0.003">
    <skipped/>
  </testcase>
  <testcase classname="TestHomePage" name="testCustomerService" time="0">
    <skipped/>
  </testcase>
  <testcase classname="TestHomePage" name="afterEachTestMethod" time="0">
    <skipped/>
  </testcase>
  <testcase classname="TestHomePage" name="cleanUp" time="0">
    <skipped/>
  </testcase>
  <testcase classname="TestMembershipClass" name="setUp" time="0">
    <skipped/>
  </testcase>
  <testcase classname="TestMembershipClass" name="startExtent" time="0">
    <skipped/>
  </testcase>
  <testcase classname="TestMembershipClass" name="TestTermsAndConditions" time="0">
    <skipped/>
  </testcase>
  <testcase classname="TestMembershipClass" name="afterEachTestMethod" time="0">
    <skipped/>
  </testcase>
  <testcase classname="TestMembershipClass" name="cleanUp" time="0">
    <skipped/>
  </testcase>
  <testcase classname="TestRegisterPage" name="setUp" time="0">
    <skipped/>
  </testcase>
  <testcase classname="TestRegisterPage" name="startExtent" time="0">
    <skipped/>
  </testcase>
  <testcase classname="TestRegisterPage" name="enterEmailandPassword" time="0">
    <skipped/>
  </testcase>
  <testcase classname="TestRegisterPage" name="afterEachTestMethod" time="0">
    <skipped/>
  </testcase>
  <testcase classname="TestRegisterPage" name="cleanUp" time="0.001">
    <skipped/>
  </testcase>
  <testcase classname="TestServicePage" name="setUp" time="0.002">
    <skipped/>
  </testcase>
  <testcase classname="TestServicePage" name="startExtent" time="0.002">
    <skipped/>
  </testcase>
  <testcase classname="TestServicePage" name="testLifeTab" time="0">
    <skipped/>
  </testcase>
  <testcase classname="TestServicePage" name="afterEachTestMethod" time="0">
    <skipped/>
  </testcase>
  <testcase classname="TestServicePage" name="cleanUp" time="0">
    <skipped/>
  </testcase>
  <testcase classname="TestSignInPage" name="setUp" time="0">
    <skipped/>
  </testcase>
  <testcase classname="TestSignInPage" name="startExtent" time="0">
    <skipped/>
  </testcase>
  <testcase classname="TestSignInPage" name="enterPassword" time="0">
    <skipped/>
  </testcase>
  <testcase classname="TestSignInPage" name="afterEachTestMethod" time="0">
    <skipped/>
  </testcase>
  <testcase classname="TestSignInPage" name="cleanUp" time="0">
    <skipped/>
  </testcase>
  <testcase classname="TestHomePage" name="setUp" time="0.001">
    <skipped/>
  </testcase>
  <testcase classname="TestHomePage" name="startExtent" time="0.002">
    <skipped/>
  </testcase>
  <testcase classname="TestHomePage" name="initialize" time="0.002">
    <skipped/>
  </testcase>
  <testcase classname="TestHomePage" name="searchMacbook" time="0">
    <skipped/>
  </testcase>
  <testcase classname="TestHomePage" name="afterEachTestMethod" time="0.001">
    <skipped/>
  </testcase>
  <testcase classname="TestHomePage" name="cleanUp" time="0.001">
    <skipped/>
  </testcase>
  <testcase classname="TestRegisterPage" name="setUp" time="0.002">
    <skipped/>
  </testcase>
  <testcase classname="TestRegisterPage" name="startExtent" time="0.002">
    <skipped/>
  </testcase>
  <testcase classname="TestRegisterPage" name="emailPasswordMemberId" time="0.001">
    <skipped/>
  </testcase>
  <testcase classname="TestRegisterPage" name="afterEachTestMethod" time="0.001">
    <skipped/>
  </testcase>
  <testcase classname="TestRegisterPage" name="cleanUp" time="0.001">
    <skipped/>
  </testcase>
  <testcase classname="TestServicePage" name="setUp" time="0.002">
    <skipped/>
  </testcase>
  <testcase classname="TestServicePage" name="startExtent" time="0.002">
    <skipped/>
  </testcase>
  <testcase classname="TestServicePage" name="testAutoHomeInsurance" time="0">
    <skipped/>
  </testcase>
  <testcase classname="TestServicePage" name="afterEachTestMethod" time="0.001">
    <skipped/>
  </testcase>
  <testcase classname="TestServicePage" name="cleanUp" time="0.001">
    <skipped/>
  </testcase>
  <testcase classname="TestSignInPage" name="setUp" time="0.002">
    <skipped/>
  </testcase>
  <testcase classname="TestSignInPage" name="startExtent" time="0.002">
    <skipped/>
  </testcase>
  <testcase classname="TestSignInPage" name="enterUserAndPassword" time="0">
    <skipped/>
  </testcase>
  <testcase classname="TestSignInPage" name="afterEachTestMethod" time="0.001">
    <skipped/>
  </testcase>
  <testcase classname="TestSignInPage" name="cleanUp" time="0.001">
    <skipped/>
  </testcase>
  <testcase classname="TestHomePage" name="setUp" time="0.002">
    <skipped/>
  </testcase>
  <testcase classname="TestHomePage" name="startExtent" time="0.002">
    <skipped/>
  </testcase>
  <testcase classname="TestHomePage" name="initialize" time="0.002">
    <skipped/>
  </testcase>
  <testcase classname="TestHomePage" name="clickLocationsTab" time="0">
    <skipped/>
  </testcase>
  <testcase classname="TestHomePage" name="afterEachTestMethod" time="0">
    <skipped/>
  </testcase>
  <testcase classname="TestHomePage" name="cleanUp" time="0">
    <skipped/>
  </testcase>
  <testcase classname="TestRegisterPage" name="setUp" time="0.004">
    <skipped/>
  </testcase>
  <testcase classname="TestRegisterPage" name="startExtent" time="0.004">
    <skipped/>
  </testcase>
  <testcase classname="TestRegisterPage" name="testBuyMembershipTab" time="0">
    <skipped/>
  </testcase>
  <testcase classname="TestRegisterPage" name="afterEachTestMethod" time="0">
    <skipped/>
  </testcase>
  <testcase classname="TestRegisterPage" name="cleanUp" time="0.001">
    <skipped/>
  </testcase>
  <testcase classname="TestServicePage" name="setUp" time="0.004">
    <skipped/>
  </testcase>
  <testcase classname="TestServicePage" name="startExtent" time="0.005">
    <skipped/>
  </testcase>
  <testcase classname="TestServicePage" name="testCancelBtn" time="0">
    <skipped/>
  </testcase>
  <testcase classname="TestServicePage" name="afterEachTestMethod" time="0">
    <skipped/>
  </testcase>
  <testcase classname="TestServicePage" name="cleanUp" time="0">
    <skipped/>
  </testcase>
  <testcase classname="TestSignInPage" name="setUp" time="0.001">
    <skipped/>
  </testcase>
  <testcase classname="TestSignInPage" name="startExtent" time="0.001">
    <skipped/>
  </testcase>
  <testcase classname="TestSignInPage" name="TestForgetPassword" time="0">
    <skipped/>
  </testcase>
  <testcase classname="TestSignInPage" name="afterEachTestMethod" time="0.001">
    <skipped/>
  </testcase>
  <testcase classname="TestSignInPage" name="cleanUp" time="0.001">
    <skipped/>
  </testcase>
  <testcase classname="TestHomePage" name="setUp" time="0.001">
    <skipped/>
  </testcase>
  <testcase classname="TestHomePage" name="startExtent" time="0.001">
    <skipped/>
  </testcase>
  <testcase classname="TestHomePage" name="initialize" time="0.001">
    <skipped/>
  </testcase>
  <testcase classname="TestHomePage" name="testDropDown" time="0">
    <skipped/>
  </testcase>
  <testcase classname="TestHomePage" name="afterEachTestMethod" time="0">
    <skipped/>
  </testcase>
  <testcase classname="TestHomePage" name="cleanUp" time="0">
    <skipped/>
  </testcase>
  <testcase classname="TestServicePage" name="setUp" time="0.001">
    <skipped/>
  </testcase>
  <testcase classname="TestServicePage" name="startExtent" time="0.001">
    <skipped/>
  </testcase>
  <testcase classname="TestServicePage" name="testVideoTab" time="0">
    <skipped/>
  </testcase>
  <testcase classname="TestServicePage" name="afterEachTestMethod" time="0">
    <skipped/>
  </testcase>
  <testcase classname="TestServicePage" name="cleanUp" time="0">
    <skipped/>
  </testcase>
  <testcase classname="TestHomePage" name="setUp" time="0.001">
    <skipped/>
  </testcase>
  <testcase classname="TestHomePage" name="startExtent" time="0.001">
    <skipped/>
  </testcase>
  <testcase classname="TestHomePage" name="initialize" time="0.001">
    <skipped/>
  </testcase>
  <testcase classname="TestHomePage" name="searchInGrocery" time="0.001">
    <skipped/>
  </testcase>
  <testcase classname="TestHomePage" name="afterEachTestMethod" time="0.001">
    <skipped/>
  </testcase>
  <testcase classname="TestHomePage" name="cleanUp" time="0.001">
    <skipped/>
  </testcase>
  <testcase classname="TestServicePage" name="setUp" time="0.001">
    <skipped/>
  </testcase>
  <testcase classname="TestServicePage" name="startExtent" time="0.001">
    <skipped/>
  </testcase>
  <testcase classname="TestServicePage" name="testExternalLinkBtn" time="0">
    <skipped/>
  </testcase>
  <testcase classname="TestServicePage" name="afterEachTestMethod" time="0">
    <skipped/>
  </testcase>
  <testcase classname="TestServicePage" name="cleanUp" time="0">
    <skipped/>
  </testcase>
  <testcase classname="TestLocationsPage" name="generateReport" time="5.045">
    <skipped/>
  </testcase>
</testsuite>