-------------------------------------------------------------------------------
Test set: testFaceBookHomeTabsVarifys.TestHomeTabsVarifys
-------------------------------------------------------------------------------
Tests run: 102, Failures: 1, Errors: 0, Skipped: 101, Time elapsed: 15.949 sec <<< FAILURE!
initialization(testFaceBookHomeTabsVarifys.TestHomeTabsVarifys)  Time elapsed: 5.653 sec  <<< FAILURE!
java.lang.NullPointerException
	at testFaceBookHomeTabsVarifys.TestHomeTabsVarifys.initialization(TestHomeTabsVarifys.java:17)

