<?xml version="1.0" encoding="UTF-8"?>
<!-- Generated by org.testng.reporters.JUnitXMLReporter -->
<testsuite hostname="Saqibs-MacBook-Pro.local" tests="7" failures="0" timestamp="26 Mar 2019 20:11:18 GMT" time="26.051" errors="0">
  <testcase name="testBoAHomeTitle" time="0.029" classname="BoAHomeTest"/>
  <testcase name="testBoALogo" time="0.051" classname="BoAHomeTest"/>
  <testcase name="testOnlineIDPlaceHolder" time="0.071" classname="BoAHomeTest"/>
  <testcase name="testOnlineId" time="0.676" classname="BoAHomeTest"/>
  <testcase name="testPasscode" time="0.208" classname="BoAHomeTest"/>
  <testcase name="testSignInMessageNoOnlineId" time="1.632" classname="BoAHomeTest"/>
  <testcase name="testSignInMessageNoPasscode" time="1.015" classname="BoAHomeTest"/>
</testsuite>
