<?xml version="1.0" encoding="UTF-8"?>
<!-- Generated by org.testng.reporters.JUnitXMLReporter -->
<testsuite hostname="Saqibs-MacBook-Pro.local" tests="35" failures="0" timestamp="26 Mar 2019 20:00:45 GMT" time="0.072" errors="0">
  <testcase name="@BeforeClass initialize" time="0.0" classname="TestLocationsPage">
    <failure type="java.lang.NullPointerException">
      <![CDATA[java.lang.NullPointerException
	at TestLocationsPage.initialize(TestLocationsPage.java:14)
... Removed 34 stack frames]]>
    </failure>
  </testcase> <!-- @BeforeClass initialize -->
  <testcase name="@BeforeMethod setUp" time="0.0" classname="TestLocationsPage">
    <skipped/>
  </testcase> <!-- @BeforeMethod setUp -->
  <testcase name="@BeforeMethod startExtent" time="0.0" classname="TestLocationsPage">
    <skipped/>
  </testcase> <!-- @BeforeMethod startExtent -->
  <testcase name="@AfterMethod afterEachTestMethod" time="0.0" classname="TestLocationsPage">
    <skipped/>
  </testcase> <!-- @AfterMethod afterEachTestMethod -->
  <testcase name="@AfterMethod cleanUp" time="0.0" classname="TestLocationsPage">
    <skipped/>
  </testcase> <!-- @AfterMethod cleanUp -->
  <testcase name="@BeforeMethod setUp" time="0.0" classname="TestLocationsPage">
    <skipped/>
  </testcase> <!-- @BeforeMethod setUp -->
  <testcase name="@BeforeMethod startExtent" time="0.0" classname="TestLocationsPage">
    <skipped/>
  </testcase> <!-- @BeforeMethod startExtent -->
  <testcase name="@AfterMethod afterEachTestMethod" time="0.0" classname="TestLocationsPage">
    <skipped/>
  </testcase> <!-- @AfterMethod afterEachTestMethod -->
  <testcase name="@AfterMethod cleanUp" time="0.0" classname="TestLocationsPage">
    <skipped/>
  </testcase> <!-- @AfterMethod cleanUp -->
  <testcase name="@BeforeMethod setUp" time="0.0" classname="TestLocationsPage">
    <skipped/>
  </testcase> <!-- @BeforeMethod setUp -->
  <testcase name="@BeforeMethod startExtent" time="0.0" classname="TestLocationsPage">
    <skipped/>
  </testcase> <!-- @BeforeMethod startExtent -->
  <testcase name="@AfterMethod afterEachTestMethod" time="0.0" classname="TestLocationsPage">
    <skipped/>
  </testcase> <!-- @AfterMethod afterEachTestMethod -->
  <testcase name="@AfterMethod cleanUp" time="0.0" classname="TestLocationsPage">
    <skipped/>
  </testcase> <!-- @AfterMethod cleanUp -->
  <testcase name="@BeforeMethod setUp" time="0.0" classname="TestHomePage">
    <skipped/>
  </testcase> <!-- @BeforeMethod setUp -->
  <testcase name="@BeforeMethod startExtent" time="0.0" classname="TestHomePage">
    <skipped/>
  </testcase> <!-- @BeforeMethod startExtent -->
  <testcase name="@BeforeMethod initialize" time="0.0" classname="TestHomePage">
    <skipped/>
  </testcase> <!-- @BeforeMethod initialize -->
  <testcase name="@AfterMethod afterEachTestMethod" time="0.0" classname="TestHomePage">
    <skipped/>
  </testcase> <!-- @AfterMethod afterEachTestMethod -->
  <testcase name="@AfterMethod cleanUp" time="0.0" classname="TestHomePage">
    <skipped/>
  </testcase> <!-- @AfterMethod cleanUp -->
  <testcase name="@BeforeClass initialize" time="0.0" classname="TestMembershipClass">
    <skipped/>
  </testcase> <!-- @BeforeClass initialize -->
  <testcase name="@BeforeMethod setUp" time="0.0" classname="TestMembershipClass">
    <skipped/>
  </testcase> <!-- @BeforeMethod setUp -->
  <testcase name="@BeforeMethod startExtent" time="0.0" classname="TestMembershipClass">
    <skipped/>
  </testcase> <!-- @BeforeMethod startExtent -->
  <testcase name="@AfterMethod afterEachTestMethod" time="0.0" classname="TestMembershipClass">
    <skipped/>
  </testcase> <!-- @AfterMethod afterEachTestMethod -->
  <testcase name="@AfterMethod cleanUp" time="0.0" classname="TestMembershipClass">
    <skipped/>
  </testcase> <!-- @AfterMethod cleanUp -->
  <testcase name="@BeforeClass initialize" time="0.0" classname="TestRegisterPage">
    <skipped/>
  </testcase> <!-- @BeforeClass initialize -->
  <testcase name="@BeforeMethod setUp" time="0.0" classname="TestRegisterPage">
    <skipped/>
  </testcase> <!-- @BeforeMethod setUp -->
  <testcase name="@BeforeMethod startExtent" time="0.0" classname="TestRegisterPage">
    <skipped/>
  </testcase> <!-- @BeforeMethod startExtent -->
  <testcase name="@AfterMethod afterEachTestMethod" time="0.0" classname="TestRegisterPage">
    <skipped/>
  </testcase> <!-- @AfterMethod afterEachTestMethod -->
  <testcase name="@AfterMethod cleanUp" time="0.0" classname="TestRegisterPage">
    <skipped/>
  </testcase> <!-- @AfterMethod cleanUp -->
  <testcase name="@BeforeClass initialize" time="0.0" classname="TestServicePage">
    <skipped/>
  </testcase> <!-- @BeforeClass initialize -->
  <testcase name="@BeforeMethod setUp" time="0.0" classname="TestServicePage">
    <skipped/>
  </testcase> <!-- @BeforeMethod setUp -->
  <testcase name="@BeforeMethod startExtent" time="0.0" classname="TestServicePage">
    <skipped/>
  </testcase> <!-- @BeforeMethod startExtent -->
  <testcase name="@AfterMethod afterEachTestMethod" time="0.0" classname="TestServicePage">
    <skipped/>
  </testcase> <!-- @AfterMethod afterEachTestMethod -->
  <testcase name="@AfterMethod cleanUp" time="0.0" classname="TestServicePage">
    <skipped/>
  </testcase> <!-- @AfterMethod cleanUp -->
  <testcase name="@BeforeClass initialize" time="0.0" classname="TestSignInPage">
    <skipped/>
  </testcase> <!-- @BeforeClass initialize -->
  <testcase name="@BeforeMethod setUp" time="0.0" classname="TestSignInPage">
    <skipped/>
  </testcase> <!-- @BeforeMethod setUp -->
  <testcase name="@BeforeMethod startExtent" time="0.0" classname="TestSignInPage">
    <skipped/>
  </testcase> <!-- @BeforeMethod startExtent -->
  <testcase name="@AfterMethod afterEachTestMethod" time="0.0" classname="TestSignInPage">
    <skipped/>
  </testcase> <!-- @AfterMethod afterEachTestMethod -->
  <testcase name="@AfterMethod cleanUp" time="0.0" classname="TestSignInPage">
    <skipped/>
  </testcase> <!-- @AfterMethod cleanUp -->
  <testcase name="@BeforeMethod setUp" time="0.0" classname="TestHomePage">
    <skipped/>
  </testcase> <!-- @BeforeMethod setUp -->
  <testcase name="@BeforeMethod startExtent" time="0.0" classname="TestHomePage">
    <skipped/>
  </testcase> <!-- @BeforeMethod startExtent -->
  <testcase name="@BeforeMethod initialize" time="0.0" classname="TestHomePage">
    <skipped/>
  </testcase> <!-- @BeforeMethod initialize -->
  <testcase name="@AfterMethod afterEachTestMethod" time="0.0" classname="TestHomePage">
    <skipped/>
  </testcase> <!-- @AfterMethod afterEachTestMethod -->
  <testcase name="@AfterMethod cleanUp" time="0.0" classname="TestHomePage">
    <skipped/>
  </testcase> <!-- @AfterMethod cleanUp -->
  <testcase name="@BeforeMethod setUp" time="0.0" classname="TestMembershipClass">
    <skipped/>
  </testcase> <!-- @BeforeMethod setUp -->
  <testcase name="@BeforeMethod startExtent" time="0.0" classname="TestMembershipClass">
    <skipped/>
  </testcase> <!-- @BeforeMethod startExtent -->
  <testcase name="@AfterMethod afterEachTestMethod" time="0.0" classname="TestMembershipClass">
    <skipped/>
  </testcase> <!-- @AfterMethod afterEachTestMethod -->
  <testcase name="@AfterMethod cleanUp" time="0.0" classname="TestMembershipClass">
    <skipped/>
  </testcase> <!-- @AfterMethod cleanUp -->
  <testcase name="@BeforeMethod setUp" time="0.0" classname="TestRegisterPage">
    <skipped/>
  </testcase> <!-- @BeforeMethod setUp -->
  <testcase name="@BeforeMethod startExtent" time="0.0" classname="TestRegisterPage">
    <skipped/>
  </testcase> <!-- @BeforeMethod startExtent -->
  <testcase name="@AfterMethod afterEachTestMethod" time="0.0" classname="TestRegisterPage">
    <skipped/>
  </testcase> <!-- @AfterMethod afterEachTestMethod -->
  <testcase name="@AfterMethod cleanUp" time="0.0" classname="TestRegisterPage">
    <skipped/>
  </testcase> <!-- @AfterMethod cleanUp -->
  <testcase name="@BeforeMethod setUp" time="0.0" classname="TestServicePage">
    <skipped/>
  </testcase> <!-- @BeforeMethod setUp -->
  <testcase name="@BeforeMethod startExtent" time="0.0" classname="TestServicePage">
    <skipped/>
  </testcase> <!-- @BeforeMethod startExtent -->
  <testcase name="@AfterMethod afterEachTestMethod" time="0.0" classname="TestServicePage">
    <skipped/>
  </testcase> <!-- @AfterMethod afterEachTestMethod -->
  <testcase name="@AfterMethod cleanUp" time="0.0" classname="TestServicePage">
    <skipped/>
  </testcase> <!-- @AfterMethod cleanUp -->
  <testcase name="@BeforeMethod setUp" time="0.0" classname="TestSignInPage">
    <skipped/>
  </testcase> <!-- @BeforeMethod setUp -->
  <testcase name="@BeforeMethod startExtent" time="0.0" classname="TestSignInPage">
    <skipped/>
  </testcase> <!-- @BeforeMethod startExtent -->
  <testcase name="@AfterMethod afterEachTestMethod" time="0.0" classname="TestSignInPage">
    <skipped/>
  </testcase> <!-- @AfterMethod afterEachTestMethod -->
  <testcase name="@AfterMethod cleanUp" time="0.0" classname="TestSignInPage">
    <skipped/>
  </testcase> <!-- @AfterMethod cleanUp -->
  <testcase name="@BeforeMethod setUp" time="0.0" classname="TestHomePage">
    <skipped/>
  </testcase> <!-- @BeforeMethod setUp -->
  <testcase name="@BeforeMethod startExtent" time="0.0" classname="TestHomePage">
    <skipped/>
  </testcase> <!-- @BeforeMethod startExtent -->
  <testcase name="@BeforeMethod initialize" time="0.0" classname="TestHomePage">
    <skipped/>
  </testcase> <!-- @BeforeMethod initialize -->
  <testcase name="@AfterMethod afterEachTestMethod" time="0.0" classname="TestHomePage">
    <skipped/>
  </testcase> <!-- @AfterMethod afterEachTestMethod -->
  <testcase name="@AfterMethod cleanUp" time="0.0" classname="TestHomePage">
    <skipped/>
  </testcase> <!-- @AfterMethod cleanUp -->
  <testcase name="@BeforeMethod setUp" time="0.0" classname="TestMembershipClass">
    <skipped/>
  </testcase> <!-- @BeforeMethod setUp -->
  <testcase name="@BeforeMethod startExtent" time="0.0" classname="TestMembershipClass">
    <skipped/>
  </testcase> <!-- @BeforeMethod startExtent -->
  <testcase name="@AfterMethod afterEachTestMethod" time="0.0" classname="TestMembershipClass">
    <skipped/>
  </testcase> <!-- @AfterMethod afterEachTestMethod -->
  <testcase name="@AfterMethod cleanUp" time="0.0" classname="TestMembershipClass">
    <skipped/>
  </testcase> <!-- @AfterMethod cleanUp -->
  <testcase name="@BeforeMethod setUp" time="0.0" classname="TestRegisterPage">
    <skipped/>
  </testcase> <!-- @BeforeMethod setUp -->
  <testcase name="@BeforeMethod startExtent" time="0.0" classname="TestRegisterPage">
    <skipped/>
  </testcase> <!-- @BeforeMethod startExtent -->
  <testcase name="@AfterMethod afterEachTestMethod" time="0.0" classname="TestRegisterPage">
    <skipped/>
  </testcase> <!-- @AfterMethod afterEachTestMethod -->
  <testcase name="@AfterMethod cleanUp" time="0.0" classname="TestRegisterPage">
    <skipped/>
  </testcase> <!-- @AfterMethod cleanUp -->
  <testcase name="@BeforeMethod setUp" time="0.0" classname="TestServicePage">
    <skipped/>
  </testcase> <!-- @BeforeMethod setUp -->
  <testcase name="@BeforeMethod startExtent" time="0.0" classname="TestServicePage">
    <skipped/>
  </testcase> <!-- @BeforeMethod startExtent -->
  <testcase name="@AfterMethod afterEachTestMethod" time="0.0" classname="TestServicePage">
    <skipped/>
  </testcase> <!-- @AfterMethod afterEachTestMethod -->
  <testcase name="@AfterMethod cleanUp" time="0.0" classname="TestServicePage">
    <skipped/>
  </testcase> <!-- @AfterMethod cleanUp -->
  <testcase name="@BeforeMethod setUp" time="0.0" classname="TestSignInPage">
    <skipped/>
  </testcase> <!-- @BeforeMethod setUp -->
  <testcase name="@BeforeMethod startExtent" time="0.0" classname="TestSignInPage">
    <skipped/>
  </testcase> <!-- @BeforeMethod startExtent -->
  <testcase name="@AfterMethod afterEachTestMethod" time="0.0" classname="TestSignInPage">
    <skipped/>
  </testcase> <!-- @AfterMethod afterEachTestMethod -->
  <testcase name="@AfterMethod cleanUp" time="0.0" classname="TestSignInPage">
    <skipped/>
  </testcase> <!-- @AfterMethod cleanUp -->
  <testcase name="@BeforeMethod setUp" time="0.0" classname="TestHomePage">
    <skipped/>
  </testcase> <!-- @BeforeMethod setUp -->
  <testcase name="@BeforeMethod startExtent" time="0.0" classname="TestHomePage">
    <skipped/>
  </testcase> <!-- @BeforeMethod startExtent -->
  <testcase name="@BeforeMethod initialize" time="0.0" classname="TestHomePage">
    <skipped/>
  </testcase> <!-- @BeforeMethod initialize -->
  <testcase name="@AfterMethod afterEachTestMethod" time="0.0" classname="TestHomePage">
    <skipped/>
  </testcase> <!-- @AfterMethod afterEachTestMethod -->
  <testcase name="@AfterMethod cleanUp" time="0.0" classname="TestHomePage">
    <skipped/>
  </testcase> <!-- @AfterMethod cleanUp -->
  <testcase name="@BeforeMethod setUp" time="0.0" classname="TestMembershipClass">
    <skipped/>
  </testcase> <!-- @BeforeMethod setUp -->
  <testcase name="@BeforeMethod startExtent" time="0.0" classname="TestMembershipClass">
    <skipped/>
  </testcase> <!-- @BeforeMethod startExtent -->
  <testcase name="@AfterMethod afterEachTestMethod" time="0.0" classname="TestMembershipClass">
    <skipped/>
  </testcase> <!-- @AfterMethod afterEachTestMethod -->
  <testcase name="@AfterMethod cleanUp" time="0.0" classname="TestMembershipClass">
    <skipped/>
  </testcase> <!-- @AfterMethod cleanUp -->
  <testcase name="@BeforeMethod setUp" time="0.0" classname="TestRegisterPage">
    <skipped/>
  </testcase> <!-- @BeforeMethod setUp -->
  <testcase name="@BeforeMethod startExtent" time="0.0" classname="TestRegisterPage">
    <skipped/>
  </testcase> <!-- @BeforeMethod startExtent -->
  <testcase name="@AfterMethod afterEachTestMethod" time="0.0" classname="TestRegisterPage">
    <skipped/>
  </testcase> <!-- @AfterMethod afterEachTestMethod -->
  <testcase name="@AfterMethod cleanUp" time="0.0" classname="TestRegisterPage">
    <skipped/>
  </testcase> <!-- @AfterMethod cleanUp -->
  <testcase name="@BeforeMethod setUp" time="0.0" classname="TestServicePage">
    <skipped/>
  </testcase> <!-- @BeforeMethod setUp -->
  <testcase name="@BeforeMethod startExtent" time="0.0" classname="TestServicePage">
    <skipped/>
  </testcase> <!-- @BeforeMethod startExtent -->
  <testcase name="@AfterMethod afterEachTestMethod" time="0.0" classname="TestServicePage">
    <skipped/>
  </testcase> <!-- @AfterMethod afterEachTestMethod -->
  <testcase name="@AfterMethod cleanUp" time="0.0" classname="TestServicePage">
    <skipped/>
  </testcase> <!-- @AfterMethod cleanUp -->
  <testcase name="@BeforeMethod setUp" time="0.0" classname="TestSignInPage">
    <skipped/>
  </testcase> <!-- @BeforeMethod setUp -->
  <testcase name="@BeforeMethod startExtent" time="0.0" classname="TestSignInPage">
    <skipped/>
  </testcase> <!-- @BeforeMethod startExtent -->
  <testcase name="@AfterMethod afterEachTestMethod" time="0.0" classname="TestSignInPage">
    <skipped/>
  </testcase> <!-- @AfterMethod afterEachTestMethod -->
  <testcase name="@AfterMethod cleanUp" time="0.0" classname="TestSignInPage">
    <skipped/>
  </testcase> <!-- @AfterMethod cleanUp -->
  <testcase name="@BeforeMethod setUp" time="0.0" classname="TestHomePage">
    <skipped/>
  </testcase> <!-- @BeforeMethod setUp -->
  <testcase name="@BeforeMethod startExtent" time="0.0" classname="TestHomePage">
    <skipped/>
  </testcase> <!-- @BeforeMethod startExtent -->
  <testcase name="@BeforeMethod initialize" time="0.0" classname="TestHomePage">
    <skipped/>
  </testcase> <!-- @BeforeMethod initialize -->
  <testcase name="@AfterMethod afterEachTestMethod" time="0.0" classname="TestHomePage">
    <skipped/>
  </testcase> <!-- @AfterMethod afterEachTestMethod -->
  <testcase name="@AfterMethod cleanUp" time="0.0" classname="TestHomePage">
    <skipped/>
  </testcase> <!-- @AfterMethod cleanUp -->
  <testcase name="@BeforeMethod setUp" time="0.0" classname="TestRegisterPage">
    <skipped/>
  </testcase> <!-- @BeforeMethod setUp -->
  <testcase name="@BeforeMethod startExtent" time="0.0" classname="TestRegisterPage">
    <skipped/>
  </testcase> <!-- @BeforeMethod startExtent -->
  <testcase name="@AfterMethod afterEachTestMethod" time="0.0" classname="TestRegisterPage">
    <skipped/>
  </testcase> <!-- @AfterMethod afterEachTestMethod -->
  <testcase name="@AfterMethod cleanUp" time="0.0" classname="TestRegisterPage">
    <skipped/>
  </testcase> <!-- @AfterMethod cleanUp -->
  <testcase name="@BeforeMethod setUp" time="0.0" classname="TestServicePage">
    <skipped/>
  </testcase> <!-- @BeforeMethod setUp -->
  <testcase name="@BeforeMethod startExtent" time="0.0" classname="TestServicePage">
    <skipped/>
  </testcase> <!-- @BeforeMethod startExtent -->
  <testcase name="@AfterMethod afterEachTestMethod" time="0.0" classname="TestServicePage">
    <skipped/>
  </testcase> <!-- @AfterMethod afterEachTestMethod -->
  <testcase name="@AfterMethod cleanUp" time="0.0" classname="TestServicePage">
    <skipped/>
  </testcase> <!-- @AfterMethod cleanUp -->
  <testcase name="@BeforeMethod setUp" time="0.0" classname="TestSignInPage">
    <skipped/>
  </testcase> <!-- @BeforeMethod setUp -->
  <testcase name="@BeforeMethod startExtent" time="0.0" classname="TestSignInPage">
    <skipped/>
  </testcase> <!-- @BeforeMethod startExtent -->
  <testcase name="@AfterMethod afterEachTestMethod" time="0.0" classname="TestSignInPage">
    <skipped/>
  </testcase> <!-- @AfterMethod afterEachTestMethod -->
  <testcase name="@AfterMethod cleanUp" time="0.0" classname="TestSignInPage">
    <skipped/>
  </testcase> <!-- @AfterMethod cleanUp -->
  <testcase name="@BeforeMethod setUp" time="0.0" classname="TestHomePage">
    <skipped/>
  </testcase> <!-- @BeforeMethod setUp -->
  <testcase name="@BeforeMethod startExtent" time="0.0" classname="TestHomePage">
    <skipped/>
  </testcase> <!-- @BeforeMethod startExtent -->
  <testcase name="@BeforeMethod initialize" time="0.0" classname="TestHomePage">
    <skipped/>
  </testcase> <!-- @BeforeMethod initialize -->
  <testcase name="@AfterMethod afterEachTestMethod" time="0.0" classname="TestHomePage">
    <skipped/>
  </testcase> <!-- @AfterMethod afterEachTestMethod -->
  <testcase name="@AfterMethod cleanUp" time="0.0" classname="TestHomePage">
    <skipped/>
  </testcase> <!-- @AfterMethod cleanUp -->
  <testcase name="@BeforeMethod setUp" time="0.0" classname="TestRegisterPage">
    <skipped/>
  </testcase> <!-- @BeforeMethod setUp -->
  <testcase name="@BeforeMethod startExtent" time="0.0" classname="TestRegisterPage">
    <skipped/>
  </testcase> <!-- @BeforeMethod startExtent -->
  <testcase name="@AfterMethod afterEachTestMethod" time="0.0" classname="TestRegisterPage">
    <skipped/>
  </testcase> <!-- @AfterMethod afterEachTestMethod -->
  <testcase name="@AfterMethod cleanUp" time="0.0" classname="TestRegisterPage">
    <skipped/>
  </testcase> <!-- @AfterMethod cleanUp -->
  <testcase name="@BeforeMethod setUp" time="0.0" classname="TestServicePage">
    <skipped/>
  </testcase> <!-- @BeforeMethod setUp -->
  <testcase name="@BeforeMethod startExtent" time="0.0" classname="TestServicePage">
    <skipped/>
  </testcase> <!-- @BeforeMethod startExtent -->
  <testcase name="@AfterMethod afterEachTestMethod" time="0.0" classname="TestServicePage">
    <skipped/>
  </testcase> <!-- @AfterMethod afterEachTestMethod -->
  <testcase name="@AfterMethod cleanUp" time="0.0" classname="TestServicePage">
    <skipped/>
  </testcase> <!-- @AfterMethod cleanUp -->
  <testcase name="@BeforeMethod setUp" time="0.0" classname="TestSignInPage">
    <skipped/>
  </testcase> <!-- @BeforeMethod setUp -->
  <testcase name="@BeforeMethod startExtent" time="0.0" classname="TestSignInPage">
    <skipped/>
  </testcase> <!-- @BeforeMethod startExtent -->
  <testcase name="@AfterMethod afterEachTestMethod" time="0.0" classname="TestSignInPage">
    <skipped/>
  </testcase> <!-- @AfterMethod afterEachTestMethod -->
  <testcase name="@AfterMethod cleanUp" time="0.0" classname="TestSignInPage">
    <skipped/>
  </testcase> <!-- @AfterMethod cleanUp -->
  <testcase name="@BeforeMethod setUp" time="0.0" classname="TestHomePage">
    <skipped/>
  </testcase> <!-- @BeforeMethod setUp -->
  <testcase name="@BeforeMethod startExtent" time="0.0" classname="TestHomePage">
    <skipped/>
  </testcase> <!-- @BeforeMethod startExtent -->
  <testcase name="@BeforeMethod initialize" time="0.0" classname="TestHomePage">
    <skipped/>
  </testcase> <!-- @BeforeMethod initialize -->
  <testcase name="@AfterMethod afterEachTestMethod" time="0.0" classname="TestHomePage">
    <skipped/>
  </testcase> <!-- @AfterMethod afterEachTestMethod -->
  <testcase name="@AfterMethod cleanUp" time="0.0" classname="TestHomePage">
    <skipped/>
  </testcase> <!-- @AfterMethod cleanUp -->
  <testcase name="@BeforeMethod setUp" time="0.0" classname="TestServicePage">
    <skipped/>
  </testcase> <!-- @BeforeMethod setUp -->
  <testcase name="@BeforeMethod startExtent" time="0.0" classname="TestServicePage">
    <skipped/>
  </testcase> <!-- @BeforeMethod startExtent -->
  <testcase name="@AfterMethod afterEachTestMethod" time="0.0" classname="TestServicePage">
    <skipped/>
  </testcase> <!-- @AfterMethod afterEachTestMethod -->
  <testcase name="@AfterMethod cleanUp" time="0.0" classname="TestServicePage">
    <skipped/>
  </testcase> <!-- @AfterMethod cleanUp -->
  <testcase name="@BeforeMethod setUp" time="0.0" classname="TestHomePage">
    <skipped/>
  </testcase> <!-- @BeforeMethod setUp -->
  <testcase name="@BeforeMethod startExtent" time="0.0" classname="TestHomePage">
    <skipped/>
  </testcase> <!-- @BeforeMethod startExtent -->
  <testcase name="@BeforeMethod initialize" time="0.0" classname="TestHomePage">
    <skipped/>
  </testcase> <!-- @BeforeMethod initialize -->
  <testcase name="@AfterMethod afterEachTestMethod" time="0.0" classname="TestHomePage">
    <skipped/>
  </testcase> <!-- @AfterMethod afterEachTestMethod -->
  <testcase name="@AfterMethod cleanUp" time="0.0" classname="TestHomePage">
    <skipped/>
  </testcase> <!-- @AfterMethod cleanUp -->
  <testcase name="@BeforeMethod setUp" time="0.0" classname="TestServicePage">
    <skipped/>
  </testcase> <!-- @BeforeMethod setUp -->
  <testcase name="@BeforeMethod startExtent" time="0.0" classname="TestServicePage">
    <skipped/>
  </testcase> <!-- @BeforeMethod startExtent -->
  <testcase name="@AfterMethod afterEachTestMethod" time="0.0" classname="TestServicePage">
    <skipped/>
  </testcase> <!-- @AfterMethod afterEachTestMethod -->
  <testcase name="@AfterMethod cleanUp" time="0.0" classname="TestServicePage">
    <skipped/>
  </testcase> <!-- @AfterMethod cleanUp -->
  <testcase name="TestLocationTitle" time="0.0" classname="TestLocationsPage">
    <skipped/>
  </testcase> <!-- TestLocationTitle -->
  <testcase name="searchZipCode" time="0.0" classname="TestLocationsPage">
    <skipped/>
  </testcase> <!-- searchZipCode -->
  <testcase name="testViewMoreLocations" time="0.0" classname="TestLocationsPage">
    <skipped/>
  </testcase> <!-- testViewMoreLocations -->
  <testcase name="testHomepageTitle" time="0.001" classname="TestHomePage">
    <skipped/>
  </testcase> <!-- testHomepageTitle -->
  <testcase name="membershipPageTitle" time="0.0" classname="TestMembershipClass">
    <skipped/>
  </testcase> <!-- membershipPageTitle -->
  <testcase name="testRegisterPageTitle" time="0.0" classname="TestRegisterPage">
    <skipped/>
  </testcase> <!-- testRegisterPageTitle -->
  <testcase name="testServicePageTitle" time="0.0" classname="TestServicePage">
    <skipped/>
  </testcase> <!-- testServicePageTitle -->
  <testcase name="testSignInTitle" time="0.0" classname="TestSignInPage">
    <skipped/>
  </testcase> <!-- testSignInTitle -->
  <testcase name="clickCategoriesTest" time="0.001" classname="TestHomePage">
    <skipped/>
  </testcase> <!-- clickCategoriesTest -->
  <testcase name="TestWhyBecomeMember" time="0.0" classname="TestMembershipClass">
    <skipped/>
  </testcase> <!-- TestWhyBecomeMember -->
  <testcase name="testEmailBar" time="0.0" classname="TestRegisterPage">
    <skipped/>
  </testcase> <!-- testEmailBar -->
  <testcase name="testHomeTab" time="0.0" classname="TestServicePage">
    <skipped/>
  </testcase> <!-- testHomeTab -->
  <testcase name="testSignInButton" time="0.001" classname="TestSignInPage">
    <skipped/>
  </testcase> <!-- testSignInButton -->
  <testcase name="search" time="0.0" classname="TestHomePage">
    <skipped/>
  </testcase> <!-- search -->
  <testcase name="WhyBecomeMemberTitle" time="0.0" classname="TestMembershipClass">
    <skipped/>
  </testcase> <!-- WhyBecomeMemberTitle -->
  <testcase name="testPasswordBar" time="0.0" classname="TestRegisterPage">
    <skipped/>
  </testcase> <!-- testPasswordBar -->
  <testcase name="testBusinessTab" time="0.0" classname="TestServicePage">
    <skipped/>
  </testcase> <!-- testBusinessTab -->
  <testcase name="enterEmail" time="0.0" classname="TestSignInPage">
    <skipped/>
  </testcase> <!-- enterEmail -->
  <testcase name="testCustomerService" time="0.0" classname="TestHomePage">
    <skipped/>
  </testcase> <!-- testCustomerService -->
  <testcase name="TestTermsAndConditions" time="0.0" classname="TestMembershipClass">
    <skipped/>
  </testcase> <!-- TestTermsAndConditions -->
  <testcase name="enterEmailandPassword" time="0.0" classname="TestRegisterPage">
    <skipped/>
  </testcase> <!-- enterEmailandPassword -->
  <testcase name="testLifeTab" time="0.0" classname="TestServicePage">
    <skipped/>
  </testcase> <!-- testLifeTab -->
  <testcase name="enterPassword" time="0.001" classname="TestSignInPage">
    <skipped/>
  </testcase> <!-- enterPassword -->
  <testcase name="searchMacbook" time="0.001" classname="TestHomePage">
    <skipped/>
  </testcase> <!-- searchMacbook -->
  <testcase name="emailPasswordMemberId" time="0.001" classname="TestRegisterPage">
    <skipped/>
  </testcase> <!-- emailPasswordMemberId -->
  <testcase name="testAutoHomeInsurance" time="0.0" classname="TestServicePage">
    <skipped/>
  </testcase> <!-- testAutoHomeInsurance -->
  <testcase name="enterUserAndPassword" time="0.0" classname="TestSignInPage">
    <skipped/>
  </testcase> <!-- enterUserAndPassword -->
  <testcase name="clickLocationsTab" time="0.0" classname="TestHomePage">
    <skipped/>
  </testcase> <!-- clickLocationsTab -->
  <testcase name="testBuyMembershipTab" time="0.0" classname="TestRegisterPage">
    <skipped/>
  </testcase> <!-- testBuyMembershipTab -->
  <testcase name="testCancelBtn" time="0.001" classname="TestServicePage">
    <skipped/>
  </testcase> <!-- testCancelBtn -->
  <testcase name="TestForgetPassword" time="0.0" classname="TestSignInPage">
    <skipped/>
  </testcase> <!-- TestForgetPassword -->
  <testcase name="testDropDown" time="0.001" classname="TestHomePage">
    <skipped/>
  </testcase> <!-- testDropDown -->
  <testcase name="testVideoTab" time="0.0" classname="TestServicePage">
    <skipped/>
  </testcase> <!-- testVideoTab -->
  <testcase name="searchInGrocery" time="0.0" classname="TestHomePage">
    <skipped/>
  </testcase> <!-- searchInGrocery -->
  <testcase name="testExternalLinkBtn" time="0.001" classname="TestServicePage">
    <skipped/>
  </testcase> <!-- testExternalLinkBtn -->
</testsuite>
